#
# A fatal error has been detected by the Java Runtime Environment:
#
#  SIGSEGV (0xb) at pc=0x00007fff8880cd5d, pid=2885, tid=2571
#
# JRE version: Java(TM) SE Runtime Environment (7.0_79-b15) (build 1.7.0_79-b15)
# Java VM: Java HotSpot(TM) 64-Bit Server VM (24.79-b02 mixed mode bsd-amd64 compressed oops)
# Problematic frame:
# C  [libobjc.A.dylib+0x6d5d]  objc_msgSend+0x1d
#
# Failed to write core dump. Core dumps have been disabled. To enable core dumping, try "ulimit -c unlimited" before starting Java again
#
# If you would like to submit a bug report, please visit:
#   http://bugreport.java.com/bugreport/crash.jsp
# The crash happened outside the Java Virtual Machine in native code.
# See problematic frame for where to report the bug.
#

---------------  T H R E A D  ---------------

Current thread (0x00007f89ac03e800):  JavaThread "AppKit Thread" daemon [_thread_in_native, id=2571, stack(0x00007fff5a63c000,0x00007fff5ae3c000)]

siginfo:si_signo=SIGSEGV: si_errno=0, si_code=1 (SEGV_MAPERR), si_addr=0x0000000000000018

Registers:
RAX=0x00007f89aa45c1e0, RBX=0x00007fff5ae37088, RCX=0x00007f89aa6067f8, RDX=0x00007f89aa64ed70
RSP=0x00007fff5ae37048, RBP=0x00007fff5ae37050, RSI=0x00007fff8bb94a71, RDI=0x00007f89aa45c1e0
R8 =0x000000000000003f, R9 =0x00007f89aa61d7c0, R10=0x00007fff8bb94a71, R11=0x0000000000000000
R12=0x00007f89aa64ed70, R13=0x00007f89aa61d7c0, R14=0x00007f89aa6067f0, R15=0x0000000000000000
RIP=0x00007fff8880cd5d, EFLAGS=0x0000000000010246, ERR=0x0000000000000004
  TRAPNO=0x000000000000000e

Top of Stack: (sp=0x00007fff5ae37048)
0x00007fff5ae37048:   00007fff91b95c9c 00007fff5ae37070
0x00007fff5ae37058:   00007fff91b95c2f 0000000000000000
0x00007fff5ae37068:   0000000000000000 00007fff5ae370e0
0x00007fff5ae37078:   00007fff91b95ba7 00007fff5ae370b0
0x00007fff5ae37088:   00007fff775720a0 0000000042000000
0x00007fff5ae37098:   00007fff91b95bf0 00007fff76b366f0
0x00007fff5ae370a8:   00007f89aa61d7c0 00007f89aa64ed70
0x00007fff5ae370b8:   00007fff5ae37888 00007fff76c636d0
0x00007fff5ae370c8:   00007fff5ae37888 00007f89aa61d7c0
0x00007fff5ae370d8:   00007fff91f54a02 00007fff5ae37120
0x00007fff5ae370e8:   00007fff91b95912 00007fff5ae37700
0x00007fff5ae370f8:   0000000000000001 00007fff76c636d0
0x00007fff5ae37108:   00007fff5ae37888 00007fff8880cd40
0x00007fff5ae37118:   00007fff91f54a02 00007fff5ae37830
0x00007fff5ae37128:   00007fff91b526d2 00007f89aa434c90
0x00007fff5ae37138:   ffff807655bcb370 00007fff74703d00
0x00007fff5ae37148:   00007f89aa60d210 00007f89ab0050b8
0x00007fff5ae37158:   00007f89aa651550 0000000000000000
0x00007fff5ae37168:   0000000000000000 0000000000000000
0x00007fff5ae37178:   00007f89aa559930 00007fff76b73b50
0x00007fff5ae37188:   00007fff5ae37700 0000000000000002
0x00007fff5ae37198:   0000000000000100 00007fff5ae37100
0x00007fff5ae371a8:   00007fff5ae37600 0000000000000000
0x00007fff5ae371b8:   0000000000000100 00007fff5ae37200
0x00007fff5ae371c8:   00007fff76c636d0 0000000000000000
0x00007fff5ae371d8:   00007fff76b37490 00007fff76c636d0
0x00007fff5ae371e8:   0000000000000000 00007fff76b37490
0x00007fff5ae371f8:   00007fff74703d00 00007fff5ae37270
0x00007fff5ae37208:   00007fff88814b34 0000000000000000
0x00007fff5ae37218:   00007fff74704690 0000000100000000
0x00007fff5ae37228:   0000000000000000 ffff8076559d91c0
0x00007fff5ae37238:   00007f89ac05b000 00007f89ac05b400 

Instructions: (pc=0x00007fff8880cd5d)
0x00007fff8880cd3d:   44 00 00 48 85 ff 2e 74 62 40 f6 c7 01 2e 75 66
0x00007fff8880cd4d:   49 bb f8 ff ff ff ff 7f 00 00 4c 23 1f 49 89 f2
0x00007fff8880cd5d:   45 23 53 18 49 c1 e2 04 4d 03 53 10 49 3b 32 75
0x00007fff8880cd6d:   04 41 ff 62 08 49 83 3a 01 76 0d 49 83 c2 10 49 

Register to memory mapping:

RAX=0x00007f89aa45c1e0 is an unknown value
RBX=0x00007fff5ae37088 is pointing into the stack for thread: 0x00007f89ac03e800
RCX=0x00007f89aa6067f8 is an unknown value
RDX=0x00007f89aa64ed70 is an unknown value
RSP=0x00007fff5ae37048 is pointing into the stack for thread: 0x00007f89ac03e800
RBP=0x00007fff5ae37050 is pointing into the stack for thread: 0x00007f89ac03e800
RSI=0x00007fff8bb94a71: -[NSTitlebarContainerView transparent]+0x630eb in /System/Library/Frameworks/AppKit.framework/Versions/C/AppKit at 0x00007fff8b10d000
RDI=0x00007f89aa45c1e0 is an unknown value
R8 =0x000000000000003f is an unknown value
R9 =0x00007f89aa61d7c0 is an unknown value
R10=0x00007fff8bb94a71: -[NSTitlebarContainerView transparent]+0x630eb in /System/Library/Frameworks/AppKit.framework/Versions/C/AppKit at 0x00007fff8b10d000
R11=0x0000000000000000 is an unknown value
R12=0x00007f89aa64ed70 is an unknown value
R13=0x00007f89aa61d7c0 is an unknown value
R14=0x00007f89aa6067f0 is an unknown value
R15=0x0000000000000000 is an unknown value


Stack: [0x00007fff5a63c000,0x00007fff5ae3c000],  sp=0x00007fff5ae37048,  free space=8172k
Native frames: (J=compiled Java code, j=interpreted, Vv=VM code, C=native code)
C  [libobjc.A.dylib+0x6d5d]  objc_msgSend+0x1d
C  [CoreFoundation+0xa0c2f]  ___CFXRegistrationPost_block_invoke+0x3f
C  [CoreFoundation+0xa0ba7]  _CFXRegistrationPost+0x197
C  [CoreFoundation+0xa0912]  ___CFXNotificationPost_block_invoke+0x32
C  [CoreFoundation+0x5d6d2]  -[_CFXNotificationRegistrar find:object:observer:enumerator:]+0x782
C  [CoreFoundation+0x5c925]  _CFXNotificationPost+0x2b5
C  [Foundation+0x70fa]  -[NSNotificationCenter postNotificationName:object:userInfo:]+0x42
C  [AppKit+0x266952]  -[NSSurface _disposeSurface]+0xa9
C  [AppKit+0x2663ab]  -[NSSurface setWindow:]+0x42
C  [AppKit+0x29b1b]  -[NSView _setWindow:]+0x9be
C  [AppKit+0x2c907]  -[NSView removeFromSuperview]+0x1d7
C  [AppKit+0x1567b3]  -[NSView removeFromSuperviewWithoutNeedingDisplay]+0x26
C  [liblwjgl.jnilib+0x9c3e]  +[MacOSXKeyableWindow destroyWindow]+0xde
C  [Foundation+0x7741e]  __NSThreadPerformPerform+0x117
C  [CoreFoundation+0xaa8b1]  __CFRUNLOOP_IS_CALLING_OUT_TO_A_SOURCE0_PERFORM_FUNCTION__+0x11
C  [CoreFoundation+0x8a0ac]  __CFRunLoopDoSources0+0x22c
C  [CoreFoundation+0x895cf]  __CFRunLoopRun+0x39f
C  [CoreFoundation+0x88fc8]  CFRunLoopRunSpecific+0x128
C  [HIToolbox+0x30d55]  RunCurrentEventLoopInMode+0xeb
C  [HIToolbox+0x30a97]  ReceiveNextEventCommon+0xb8
C  [HIToolbox+0x309cf]  _BlockUntilNextEventMatchingListInModeWithFilter+0x47
C  [AppKit+0x49d96]  _DPSNextEvent+0x42b
C  [AppKit+0x491c5]  -[NSApplication _nextEventMatchingEventMask:untilDate:inMode:dequeue:]+0x1c6
C  [libosxapp.dylib+0x24e3]  -[NSApplicationAWT nextEventMatchingMask:untilDate:inMode:dequeue:]+0x7c
C  [AppKit+0x3dd28]  -[NSApplication run]+0x2aa
C  [libosxapp.dylib+0x2346]  +[NSApplicationAWT runAWTLoopWithApp:]+0x9c
C  [liblwawt.dylib+0xe17d]  -[AWTStarter starter:]+0x369
C  [Foundation+0x7741e]  __NSThreadPerformPerform+0x117
C  [CoreFoundation+0xaa8b1]  __CFRUNLOOP_IS_CALLING_OUT_TO_A_SOURCE0_PERFORM_FUNCTION__+0x11
C  [CoreFoundation+0x8a0ac]  __CFRunLoopDoSources0+0x22c
C  [CoreFoundation+0x895cf]  __CFRunLoopRun+0x39f
C  [CoreFoundation+0x88fc8]  CFRunLoopRunSpecific+0x128
C  [java+0x73b0]  CreateExecutionEnvironment+0x367
C  [java+0x1b5c]  JLI_Launch+0x7a0
C  [java+0x770d]  main+0x65
C  [java+0x13b4]  start+0x34


---------------  P R O C E S S  ---------------

Java Threads: ( => current thread )
  0x00007f89aa803800 JavaThread "AWT-Shutdown" [_thread_blocked, id=4951, stack(0x0000700000932000,0x0000700000a32000)]
=>0x00007f89ac03e800 JavaThread "AppKit Thread" daemon [_thread_in_native, id=2571, stack(0x00007fff5a63c000,0x00007fff5ae3c000)]
  0x00007f89ab024800 JavaThread "Service Thread" daemon [_thread_blocked, id=18435, stack(0x0000700000dc4000,0x0000700000ec4000)]
  0x00007f89ab841800 JavaThread "C2 CompilerThread1" daemon [_thread_blocked, id=17923, stack(0x0000700000cc1000,0x0000700000dc1000)]
  0x00007f89ab024000 JavaThread "C2 CompilerThread0" daemon [_thread_blocked, id=17411, stack(0x0000700000bbe000,0x0000700000cbe000)]
  0x00007f89ab020800 JavaThread "Signal Dispatcher" daemon [_thread_blocked, id=16903, stack(0x0000700000abb000,0x0000700000bbb000)]
  0x00007f89aa80b800 JavaThread "Finalizer" daemon [_thread_blocked, id=12291, stack(0x000070000082f000,0x000070000092f000)]
  0x00007f89ac022800 JavaThread "Reference Handler" daemon [_thread_blocked, id=11779, stack(0x000070000072c000,0x000070000082c000)]
  0x00007f89ab803000 JavaThread "main" [_thread_in_native, id=5891, stack(0x000070000011a000,0x000070000021a000)]

Other Threads:
  0x00007f89ab00d000 VMThread [stack: 0x0000700000629000,0x0000700000729000] [id=11267]
  0x00007f89ab021800 WatcherThread [stack: 0x0000700000ec7000,0x0000700000fc7000] [id=18947]

VM state:not at safepoint (normal execution)

VM Mutex/Monitor currently owned by a thread: None

Heap
 PSYoungGen      total 19456K, used 14051K [0x00000007eaa80000, 0x00000007ec000000, 0x0000000800000000)
  eden space 16896K, 68% used [0x00000007eaa80000,0x00000007eb5bac88,0x00000007ebb00000)
  from space 2560K, 99% used [0x00000007ebb00000,0x00000007ebd7e158,0x00000007ebd80000)
  to   space 2560K, 0% used [0x00000007ebd80000,0x00000007ebd80000,0x00000007ec000000)
 ParOldGen       total 43520K, used 5003K [0x00000007c0000000, 0x00000007c2a80000, 0x00000007eaa80000)
  object space 43520K, 11% used [0x00000007c0000000,0x00000007c04e2f40,0x00000007c2a80000)
 PSPermGen       total 21504K, used 6734K [0x00000007bae00000, 0x00000007bc300000, 0x00000007c0000000)
  object space 21504K, 31% used [0x00000007bae00000,0x00000007bb4938c8,0x00000007bc300000)

Card table byte_map: [0x0000000109400000,0x000000010962a000] byte_map_base: 0x0000000105629000

Polling page: 0x0000000105ae3000

Code Cache  [0x0000000106400000, 0x0000000106670000, 0x0000000109400000)
 total_blobs=589 nmethods=245 adapters=298 free_code_cache=48146Kb largest_free_block=49275200

Compilation events (10 events):
Event: 171.817 Thread 0x00007f89ab024000  241             org.newdawn.slick.Input::getMouseY (21 bytes)
Event: 171.818 Thread 0x00007f89ab024000 nmethod 241 0x00000001064ef150 code [0x00000001064ef2a0, 0x00000001064ef538]
Event: 178.301 Thread 0x00007f89ab841800  242             org.newdawn.slick.Input::clearKeyPressedRecord (9 bytes)
Event: 178.301 Thread 0x00007f89ab024000  243             org.newdawn.slick.Input::clearMousePressedRecord (9 bytes)
Event: 178.303 Thread 0x00007f89ab841800 nmethod 242 0x00000001064f2710 code [0x00000001064f2860, 0x00000001064f2918]
Event: 178.303 Thread 0x00007f89ab024000 nmethod 243 0x00000001064f3c10 code [0x00000001064f3d60, 0x00000001064f3e18]
Event: 193.500 Thread 0x00007f89ab841800  244  s          net.java.games.input.OSXControllers::getNextDeviceEvent (47 bytes)
Event: 193.504 Thread 0x00007f89ab841800 nmethod 244 0x00000001064f2f50 code [0x00000001064f3100, 0x00000001064f3910]
Event: 246.017 Thread 0x00007f89ab024000  248 % !         org.newdawn.slick.AppGameContainer::start @ 9 (49 bytes)
Event: 246.020 Thread 0x00007f89ab024000 nmethod 248% 0x00000001064f7dd0 code [0x00000001064f7f40, 0x00000001064f8070]

GC Heap History (2 events):
Event: 2.895 GC heap before
{Heap before GC invocations=1 (full 0):
 PSYoungGen      total 19456K, used 16896K [0x00000007eaa80000, 0x00000007ec000000, 0x0000000800000000)
  eden space 16896K, 100% used [0x00000007eaa80000,0x00000007ebb00000,0x00000007ebb00000)
  from space 2560K, 0% used [0x00000007ebd80000,0x00000007ebd80000,0x00000007ec000000)
  to   space 2560K, 0% used [0x00000007ebb00000,0x00000007ebb00000,0x00000007ebd80000)
 ParOldGen       total 43520K, used 0K [0x00000007c0000000, 0x00000007c2a80000, 0x00000007eaa80000)
  object space 43520K, 0% used [0x00000007c0000000,0x00000007c0000000,0x00000007c2a80000)
 PSPermGen       total 21504K, used 6567K [0x00000007bae00000, 0x00000007bc300000, 0x00000007c0000000)
  object space 21504K, 30% used [0x00000007bae00000,0x00000007bb469f48,0x00000007bc300000)
Event: 2.910 GC heap after
Heap after GC invocations=1 (full 0):
 PSYoungGen      total 19456K, used 2552K [0x00000007eaa80000, 0x00000007ec000000, 0x0000000800000000)
  eden space 16896K, 0% used [0x00000007eaa80000,0x00000007eaa80000,0x00000007ebb00000)
  from space 2560K, 99% used [0x00000007ebb00000,0x00000007ebd7e158,0x00000007ebd80000)
  to   space 2560K, 0% used [0x00000007ebd80000,0x00000007ebd80000,0x00000007ec000000)
 ParOldGen       total 43520K, used 5003K [0x00000007c0000000, 0x00000007c2a80000, 0x00000007eaa80000)
  object space 43520K, 11% used [0x00000007c0000000,0x00000007c04e2f40,0x00000007c2a80000)
 PSPermGen       total 21504K, used 6567K [0x00000007bae00000, 0x00000007bc300000, 0x00000007c0000000)
  object space 21504K, 30% used [0x00000007bae00000,0x00000007bb469f48,0x00000007bc300000)
}

Deoptimization events (7 events):
Event: 1.469 Thread 0x00007f89ab803000 Uncommon trap: reason=unloaded action=reinterpret pc=0x000000010647c204 method=java.io.BufferedReader.readLine(Z)Ljava/lang/String; @ 268
Event: 2.244 Thread 0x00007f89ab803000 Uncommon trap: reason=unreached action=reinterpret pc=0x000000010648314c method=java.util.HashMap.getEntry(Ljava/lang/Object;)Ljava/util/HashMap$Entry; @ 58
Event: 2.244 Thread 0x00007f89ab803000 Uncommon trap: reason=unreached action=reinterpret pc=0x00000001064838f8 method=java.util.HashMap.getEntry(Ljava/lang/Object;)Ljava/util/HashMap$Entry; @ 58
Event: 3.012 Thread 0x00007f89ab803000 Uncommon trap: reason=class_check action=maybe_recompile pc=0x00000001064842f4 method=java.util.HashMap.put(Ljava/lang/Object;Ljava/lang/Object;)Ljava/lang/Object; @ 137
Event: 4.034 Thread 0x00007f89ab803000 Uncommon trap: reason=class_check action=maybe_recompile pc=0x00000001064842f4 method=java.util.HashMap.put(Ljava/lang/Object;Ljava/lang/Object;)Ljava/lang/Object; @ 137
Event: 5.053 Thread 0x00007f89ab803000 Uncommon trap: reason=class_check action=maybe_recompile pc=0x00000001064842f4 method=java.util.HashMap.put(Ljava/lang/Object;Ljava/lang/Object;)Ljava/lang/Object; @ 137
Event: 9.103 Thread 0x00007f89ab803000 Uncommon trap: reason=class_check action=maybe_recompile pc=0x00000001064842f4 method=java.util.HashMap.put(Ljava/lang/Object;Ljava/lang/Object;)Ljava/lang/Object; @ 137

Internal exceptions (10 events):
Event: 2.791 Thread 0x00007f89ab803000 Threw 0x00000007eb9a3708 at /HUDSON/workspace/7u-2-build-macosx-x86_64/jdk7u79/2331/hotspot/src/share/vm/prims/jvm.cpp:1304
Event: 2.804 Thread 0x00007f89ab803000 Threw 0x00000007eb9af878 at /HUDSON/workspace/7u-2-build-macosx-x86_64/jdk7u79/2331/hotspot/src/share/vm/prims/jvm.cpp:1304
Event: 2.806 Thread 0x00007f89ab803000 Threw 0x00000007eb9b99f0 at /HUDSON/workspace/7u-2-build-macosx-x86_64/jdk7u79/2331/hotspot/src/share/vm/prims/jvm.cpp:1304
Event: 2.892 Thread 0x00007f89ab803000 Threw 0x00000007ebaf5f70 at /HUDSON/workspace/7u-2-build-macosx-x86_64/jdk7u79/2331/hotspot/src/share/vm/prims/jvm.cpp:1304
Event: 3.008 Thread 0x00007f89ab803000 Threw 0x00000007eace6a10 at /HUDSON/workspace/7u-2-build-macosx-x86_64/jdk7u79/2331/hotspot/src/share/vm/prims/jvm.cpp:1304
Event: 3.012 Thread 0x00007f89ab803000 Threw 0x00000007eaced9c8 at /HUDSON/workspace/7u-2-build-macosx-x86_64/jdk7u79/2331/hotspot/src/share/vm/prims/jvm.cpp:1304
Event: 3.012 Thread 0x00007f89ab803000 Threw 0x00000007eacf15c0 at /HUDSON/workspace/7u-2-build-macosx-x86_64/jdk7u79/2331/hotspot/src/share/vm/prims/jvm.cpp:1304
Event: 3.013 Thread 0x00007f89ab803000 Threw 0x00000007eacf50b0 at /HUDSON/workspace/7u-2-build-macosx-x86_64/jdk7u79/2331/hotspot/src/share/vm/prims/jvm.cpp:1304
Event: 3.403 Thread 0x00007f89ab803000 Threw 0x00000007eacfbcf8 at /HUDSON/workspace/7u-2-build-macosx-x86_64/jdk7u79/2331/hotspot/src/share/vm/prims/jvm.cpp:1304
Event: 260.462 Thread 0x00007f89ab803000 Threw 0x00000007eb57bfc8 at /HUDSON/workspace/7u-2-build-macosx-x86_64/jdk7u79/2331/hotspot/src/share/vm/prims/jvm.cpp:1304

Events (10 events):
Event: 151.259 Executing VM operation: RevokeBias
Event: 151.260 Executing VM operation: RevokeBias done
Event: 151.260 Thread 0x00007f89af00a800 Thread exited: 0x00007f89af00a800
Event: 183.199 Thread 0x00007f89aa803800 Thread added: 0x00007f89aa803800
Event: 184.401 Executing VM operation: RevokeBias
Event: 184.401 Executing VM operation: RevokeBias done
Event: 184.401 Thread 0x00007f89aa803800 Thread exited: 0x00007f89aa803800
Event: 258.189 Thread 0x00007f89aa803800 Thread added: 0x00007f89aa803800
Event: 260.462 loading class 0x00007f89aa45be70
Event: 260.462 loading class 0x00007f89aa45be70 done


Dynamic libraries:
0x0000000003b60000 	/System/Library/Frameworks/Cocoa.framework/Versions/A/Cocoa
0x0000000003b60000 	/System/Library/Frameworks/Security.framework/Versions/A/Security
0x0000000003b60000 	/System/Library/Frameworks/ApplicationServices.framework/Versions/A/ApplicationServices
0x0000000003b60000 	/usr/lib/libz.1.dylib
0x0000000003b60000 	/usr/lib/libSystem.B.dylib
0x0000000003b60000 	/usr/lib/libobjc.A.dylib
0x0000000003b60000 	/System/Library/Frameworks/CoreFoundation.framework/Versions/A/CoreFoundation
0x0000000003b60000 	/System/Library/Frameworks/Foundation.framework/Versions/C/Foundation
0x0000000003b60000 	/System/Library/Frameworks/AppKit.framework/Versions/C/AppKit
0x0000000003b60000 	/System/Library/Frameworks/CoreData.framework/Versions/A/CoreData
0x0000000003b60000 	/System/Library/PrivateFrameworks/RemoteViewServices.framework/Versions/A/RemoteViewServices
0x0000000003b60000 	/System/Library/PrivateFrameworks/UIFoundation.framework/Versions/A/UIFoundation
0x0000000003b60000 	/usr/lib/libScreenReader.dylib
0x0000000003b60000 	/System/Library/Frameworks/Accelerate.framework/Versions/A/Accelerate
0x0000000003b60000 	/System/Library/Frameworks/IOSurface.framework/Versions/A/IOSurface
0x0000000003b60000 	/System/Library/Frameworks/AudioToolbox.framework/Versions/A/AudioToolbox
0x0000000003b60000 	/System/Library/Frameworks/AudioUnit.framework/Versions/A/AudioUnit
0x0000000003b60000 	/System/Library/PrivateFrameworks/DataDetectorsCore.framework/Versions/A/DataDetectorsCore
0x0000000003b60000 	/System/Library/PrivateFrameworks/DesktopServicesPriv.framework/Versions/A/DesktopServicesPriv
0x0000000003b60000 	/System/Library/Frameworks/Carbon.framework/Versions/A/Frameworks/HIToolbox.framework/Versions/A/HIToolbox
0x0000000003b60000 	/System/Library/Frameworks/QuartzCore.framework/Versions/A/QuartzCore
0x0000000003b60000 	/System/Library/Frameworks/Carbon.framework/Versions/A/Frameworks/SpeechRecognition.framework/Versions/A/SpeechRecognition
0x0000000003b60000 	/usr/lib/libauto.dylib
0x0000000003b60000 	/usr/lib/libicucore.A.dylib
0x0000000003b60000 	/usr/lib/libxml2.2.dylib
0x0000000003b60000 	/System/Library/PrivateFrameworks/CoreUI.framework/Versions/A/CoreUI
0x0000000003b60000 	/System/Library/Frameworks/CoreAudio.framework/Versions/A/CoreAudio
0x0000000003b60000 	/System/Library/Frameworks/DiskArbitration.framework/Versions/A/DiskArbitration
0x0000000003b60000 	/usr/lib/liblangid.dylib
0x0000000003b60000 	/System/Library/PrivateFrameworks/MultitouchSupport.framework/Versions/A/MultitouchSupport
0x0000000003b60000 	/System/Library/Frameworks/IOKit.framework/Versions/A/IOKit
0x0000000003b60000 	/usr/lib/libDiagnosticMessagesClient.dylib
0x0000000003b60000 	/System/Library/Frameworks/CoreServices.framework/Versions/A/CoreServices
0x0000000003b60000 	/System/Library/PrivateFrameworks/PerformanceAnalysis.framework/Versions/A/PerformanceAnalysis
0x0000000003b60000 	/System/Library/PrivateFrameworks/GenerationalStorage.framework/Versions/A/GenerationalStorage
0x0000000003b60000 	/System/Library/Frameworks/OpenGL.framework/Versions/A/OpenGL
0x0000000003b60000 	/System/Library/PrivateFrameworks/Sharing.framework/Versions/A/Sharing
0x0000000003b60000 	/System/Library/Frameworks/CoreGraphics.framework/Versions/A/CoreGraphics
0x0000000003b60000 	/System/Library/Frameworks/CoreImage.framework/Versions/A/CoreImage
0x0000000003b60000 	/System/Library/Frameworks/CoreText.framework/Versions/A/CoreText
0x0000000003b60000 	/System/Library/Frameworks/ImageIO.framework/Versions/A/ImageIO
0x0000000003b60000 	/System/Library/PrivateFrameworks/Backup.framework/Versions/A/Backup
0x0000000003b60000 	/usr/lib/libextension.dylib
0x0000000003b60000 	/usr/lib/libarchive.2.dylib
0x0000000003b60000 	/System/Library/Frameworks/CFNetwork.framework/Versions/A/CFNetwork
0x0000000003b60000 	/System/Library/Frameworks/SystemConfiguration.framework/Versions/A/SystemConfiguration
0x0000000003b60000 	/usr/lib/libCRFSuite.dylib
0x0000000003b60000 	/usr/lib/libc++.1.dylib
0x0000000003b60000 	/usr/lib/libc++abi.dylib
0x0000000003b60000 	/usr/lib/system/libcache.dylib
0x0000000003b60000 	/usr/lib/system/libcommonCrypto.dylib
0x0000000003b60000 	/usr/lib/system/libcompiler_rt.dylib
0x0000000003b60000 	/usr/lib/system/libcopyfile.dylib
0x0000000003b60000 	/usr/lib/system/libcorecrypto.dylib
0x0000000003b60000 	/usr/lib/system/libdispatch.dylib
0x0000000003b60000 	/usr/lib/system/libdyld.dylib
0x0000000003b60000 	/usr/lib/system/libkeymgr.dylib
0x0000000003b60000 	/usr/lib/system/liblaunch.dylib
0x0000000003b60000 	/usr/lib/system/libmacho.dylib
0x0000000003b60000 	/usr/lib/system/libquarantine.dylib
0x0000000003b60000 	/usr/lib/system/libremovefile.dylib
0x0000000003b60000 	/usr/lib/system/libsystem_asl.dylib
0x0000000003b60000 	/usr/lib/system/libsystem_blocks.dylib
0x0000000003b60000 	/usr/lib/system/libsystem_c.dylib
0x0000000003b60000 	/usr/lib/system/libsystem_configuration.dylib
0x0000000003b60000 	/usr/lib/system/libsystem_coreservices.dylib
0x0000000003b60000 	/usr/lib/system/libsystem_coretls.dylib
0x0000000003b60000 	/usr/lib/system/libsystem_dnssd.dylib
0x0000000003b60000 	/usr/lib/system/libsystem_info.dylib
0x0000000003b60000 	/usr/lib/system/libsystem_kernel.dylib
0x0000000003b60000 	/usr/lib/system/libsystem_m.dylib
0x0000000003b60000 	/usr/lib/system/libsystem_malloc.dylib
0x0000000003b60000 	/usr/lib/system/libsystem_network.dylib
0x0000000003b60000 	/usr/lib/system/libsystem_networkextension.dylib
0x0000000003b60000 	/usr/lib/system/libsystem_notify.dylib
0x0000000003b60000 	/usr/lib/system/libsystem_platform.dylib
0x0000000003b60000 	/usr/lib/system/libsystem_pthread.dylib
0x0000000003b60000 	/usr/lib/system/libsystem_sandbox.dylib
0x0000000003b60000 	/usr/lib/system/libsystem_secinit.dylib
0x0000000003b60000 	/usr/lib/system/libsystem_trace.dylib
0x0000000003b60000 	/usr/lib/system/libunc.dylib
0x0000000003b60000 	/usr/lib/system/libunwind.dylib
0x0000000003b60000 	/usr/lib/system/libxpc.dylib
0x0000000003b60000 	/usr/lib/libenergytrace.dylib
0x0000000003b60000 	/usr/lib/libbsm.0.dylib
0x0000000003b60000 	/usr/lib/system/libkxld.dylib
0x0000000003b60000 	/usr/lib/libxar.1.dylib
0x0000000003b60000 	/usr/lib/libsqlite3.dylib
0x0000000003b60000 	/usr/lib/libpam.2.dylib
0x0000000003b60000 	/usr/lib/libOpenScriptingUtil.dylib
0x0000000003b60000 	/usr/lib/libbz2.1.0.dylib
0x0000000003b60000 	/usr/lib/liblzma.5.dylib
0x0000000003b60000 	/System/Library/Frameworks/CoreServices.framework/Versions/A/Frameworks/FSEvents.framework/Versions/A/FSEvents
0x0000000003b60000 	/System/Library/Frameworks/CoreServices.framework/Versions/A/Frameworks/CarbonCore.framework/Versions/A/CarbonCore
0x0000000003b60000 	/System/Library/Frameworks/CoreServices.framework/Versions/A/Frameworks/Metadata.framework/Versions/A/Metadata
0x0000000003b60000 	/System/Library/Frameworks/CoreServices.framework/Versions/A/Frameworks/OSServices.framework/Versions/A/OSServices
0x0000000003b60000 	/System/Library/Frameworks/CoreServices.framework/Versions/A/Frameworks/SearchKit.framework/Versions/A/SearchKit
0x0000000003b60000 	/System/Library/Frameworks/CoreServices.framework/Versions/A/Frameworks/AE.framework/Versions/A/AE
0x0000000003b60000 	/System/Library/Frameworks/CoreServices.framework/Versions/A/Frameworks/LaunchServices.framework/Versions/A/LaunchServices
0x0000000003b60000 	/System/Library/Frameworks/CoreServices.framework/Versions/A/Frameworks/DictionaryServices.framework/Versions/A/DictionaryServices
0x0000000003b60000 	/System/Library/Frameworks/CoreServices.framework/Versions/A/Frameworks/SharedFileList.framework/Versions/A/SharedFileList
0x0000000003b60000 	/System/Library/Frameworks/NetFS.framework/Versions/A/NetFS
0x0000000003b60000 	/System/Library/PrivateFrameworks/NetAuth.framework/Versions/A/NetAuth
0x0000000003b60000 	/System/Library/PrivateFrameworks/login.framework/Versions/A/Frameworks/loginsupport.framework/Versions/A/loginsupport
0x0000000003b60000 	/System/Library/PrivateFrameworks/TCC.framework/Versions/A/TCC
0x0000000003b60000 	/usr/lib/libmecabra.dylib
0x0000000003b60000 	/System/Library/Frameworks/ApplicationServices.framework/Versions/A/Frameworks/ATS.framework/Versions/A/ATS
0x0000000003b60000 	/System/Library/Frameworks/ApplicationServices.framework/Versions/A/Frameworks/ColorSync.framework/Versions/A/ColorSync
0x0000000003b60000 	/System/Library/Frameworks/ApplicationServices.framework/Versions/A/Frameworks/HIServices.framework/Versions/A/HIServices
0x0000000003b60000 	/System/Library/Frameworks/ApplicationServices.framework/Versions/A/Frameworks/LangAnalysis.framework/Versions/A/LangAnalysis
0x0000000003b60000 	/System/Library/Frameworks/ApplicationServices.framework/Versions/A/Frameworks/PrintCore.framework/Versions/A/PrintCore
0x0000000003b60000 	/System/Library/Frameworks/ApplicationServices.framework/Versions/A/Frameworks/QD.framework/Versions/A/QD
0x0000000003b60000 	/System/Library/Frameworks/ApplicationServices.framework/Versions/A/Frameworks/SpeechSynthesis.framework/Versions/A/SpeechSynthesis
0x0000000003b60000 	/System/Library/Frameworks/Metal.framework/Versions/A/Metal
0x0000000003b60000 	/System/Library/Frameworks/Accelerate.framework/Versions/A/Frameworks/vImage.framework/Versions/A/vImage
0x0000000003b60000 	/System/Library/Frameworks/Accelerate.framework/Versions/A/Frameworks/vecLib.framework/Versions/A/vecLib
0x0000000003b60000 	/System/Library/Frameworks/Accelerate.framework/Versions/A/Frameworks/vecLib.framework/Versions/A/libvDSP.dylib
0x0000000003b60000 	/System/Library/Frameworks/Accelerate.framework/Versions/A/Frameworks/vecLib.framework/Versions/A/libvMisc.dylib
0x0000000003b60000 	/System/Library/Frameworks/Accelerate.framework/Versions/A/Frameworks/vecLib.framework/Versions/A/libLAPACK.dylib
0x0000000003b60000 	/System/Library/Frameworks/Accelerate.framework/Versions/A/Frameworks/vecLib.framework/Versions/A/libBLAS.dylib
0x0000000003b60000 	/System/Library/Frameworks/Accelerate.framework/Versions/A/Frameworks/vecLib.framework/Versions/A/libLinearAlgebra.dylib
0x0000000003b60000 	/System/Library/Frameworks/Accelerate.framework/Versions/A/Frameworks/vecLib.framework/Versions/A/libSparseBLAS.dylib
0x0000000003b60000 	/System/Library/PrivateFrameworks/GPUCompiler.framework/libmetal_timestamp.dylib
0x0000000003b60000 	/System/Library/Frameworks/OpenGL.framework/Versions/A/Libraries/libCoreFSCache.dylib
0x0000000003b60000 	/System/Library/PrivateFrameworks/IOAccelerator.framework/Versions/A/IOAccelerator
0x0000000003b60000 	/System/Library/Frameworks/ApplicationServices.framework/Versions/A/Frameworks/ATS.framework/Versions/A/Resources/libFontParser.dylib
0x0000000003b60000 	/System/Library/Frameworks/ApplicationServices.framework/Versions/A/Frameworks/ATS.framework/Versions/A/Resources/libFontRegistry.dylib
0x0000000003b60000 	/System/Library/PrivateFrameworks/AppleVPA.framework/Versions/A/AppleVPA
0x0000000003b60000 	/System/Library/PrivateFrameworks/AppleJPEG.framework/Versions/A/AppleJPEG
0x0000000003b60000 	/System/Library/Frameworks/ImageIO.framework/Versions/A/Resources/libJPEG.dylib
0x0000000003b60000 	/System/Library/Frameworks/ImageIO.framework/Versions/A/Resources/libTIFF.dylib
0x0000000003b60000 	/System/Library/Frameworks/ImageIO.framework/Versions/A/Resources/libPng.dylib
0x0000000003b60000 	/System/Library/Frameworks/ImageIO.framework/Versions/A/Resources/libGIF.dylib
0x0000000003b60000 	/System/Library/Frameworks/ImageIO.framework/Versions/A/Resources/libJP2.dylib
0x0000000003b60000 	/System/Library/Frameworks/ImageIO.framework/Versions/A/Resources/libRadiance.dylib
0x0000000003b60000 	/System/Library/Frameworks/CoreVideo.framework/Versions/A/CoreVideo
0x0000000003b60000 	/System/Library/Frameworks/OpenGL.framework/Versions/A/Libraries/libGLU.dylib
0x0000000003b60000 	/System/Library/Frameworks/OpenGL.framework/Versions/A/Libraries/libGFXShared.dylib
0x0000000003b60000 	/System/Library/Frameworks/OpenGL.framework/Versions/A/Libraries/libGL.dylib
0x0000000003b60000 	/System/Library/Frameworks/OpenGL.framework/Versions/A/Libraries/libGLImage.dylib
0x0000000003b60000 	/System/Library/Frameworks/OpenGL.framework/Versions/A/Libraries/libCVMSPluginSupport.dylib
0x0000000003b60000 	/System/Library/Frameworks/OpenGL.framework/Versions/A/Libraries/libCoreVMClient.dylib
0x0000000003b60000 	/usr/lib/libcups.2.dylib
0x0000000003b60000 	/System/Library/Frameworks/Kerberos.framework/Versions/A/Kerberos
0x0000000003b60000 	/System/Library/Frameworks/GSS.framework/Versions/A/GSS
0x0000000003b60000 	/usr/lib/libresolv.9.dylib
0x0000000003b60000 	/usr/lib/libiconv.2.dylib
0x0000000003b60000 	/System/Library/PrivateFrameworks/Heimdal.framework/Versions/A/Heimdal
0x0000000003b60000 	/usr/lib/libheimdal-asn1.dylib
0x0000000003b60000 	/System/Library/Frameworks/OpenDirectory.framework/Versions/A/OpenDirectory
0x0000000003b60000 	/System/Library/PrivateFrameworks/CommonAuth.framework/Versions/A/CommonAuth
0x0000000003b60000 	/System/Library/Frameworks/OpenDirectory.framework/Versions/A/Frameworks/CFOpenDirectory.framework/Versions/A/CFOpenDirectory
0x0000000003b60000 	/System/Library/Frameworks/SecurityFoundation.framework/Versions/A/SecurityFoundation
0x0000000003b60000 	/System/Library/PrivateFrameworks/LanguageModeling.framework/Versions/A/LanguageModeling
0x0000000003b60000 	/usr/lib/libmarisa.dylib
0x0000000003b60000 	/usr/lib/libChineseTokenizer.dylib
0x0000000003b60000 	/usr/lib/libcmph.dylib
0x0000000003b60000 	/usr/lib/libcompression.dylib
0x0000000003b60000 	/System/Library/Frameworks/ServiceManagement.framework/Versions/A/ServiceManagement
0x0000000003b60000 	/usr/lib/libxslt.1.dylib
0x0000000003b60000 	/System/Library/Frameworks/Carbon.framework/Versions/A/Frameworks/Ink.framework/Versions/A/Ink
0x0000000003b60000 	/usr/lib/libFosl_dynamic.dylib
0x0000000003b60000 	/System/Library/PrivateFrameworks/FaceCore.framework/Versions/A/FaceCore
0x0000000003b60000 	/System/Library/Frameworks/OpenCL.framework/Versions/A/OpenCL
0x0000000003b60000 	/System/Library/PrivateFrameworks/CrashReporterSupport.framework/Versions/A/CrashReporterSupport
0x0000000003b60000 	/System/Library/PrivateFrameworks/IconServices.framework/Versions/A/IconServices
0x0000000003b60000 	/System/Library/PrivateFrameworks/Apple80211.framework/Versions/A/Apple80211
0x0000000003b60000 	/System/Library/Frameworks/CoreWLAN.framework/Versions/A/CoreWLAN
0x0000000003b60000 	/System/Library/Frameworks/IOBluetooth.framework/Versions/A/IOBluetooth
0x0000000003b60000 	/System/Library/PrivateFrameworks/CoreWiFi.framework/Versions/A/CoreWiFi
0x0000000003b60000 	/System/Library/Frameworks/CoreBluetooth.framework/Versions/A/CoreBluetooth
0x0000000003b60000 	/System/Library/PrivateFrameworks/ChunkingLibrary.framework/Versions/A/ChunkingLibrary
0x0000000003b60000 	/System/Library/PrivateFrameworks/DebugSymbols.framework/Versions/A/DebugSymbols
0x0000000003b60000 	/System/Library/PrivateFrameworks/CoreSymbolication.framework/Versions/A/CoreSymbolication
0x0000000003b60000 	/System/Library/PrivateFrameworks/Symbolication.framework/Versions/A/Symbolication
0x0000000003b60000 	/System/Library/PrivateFrameworks/SpeechRecognitionCore.framework/Versions/A/SpeechRecognitionCore
0x000000010503f000 	/Library/Java/JavaVirtualMachines/jdk1.7.0_79.jdk/Contents/Home/jre/lib/server/libjvm.dylib
0x0000000003b60000 	/usr/lib/libstdc++.6.dylib
0x0000000105aa6000 	/Library/Java/JavaVirtualMachines/jdk1.7.0_79.jdk/Contents/Home/jre/lib/libverify.dylib
0x0000000105ab3000 	/Library/Java/JavaVirtualMachines/jdk1.7.0_79.jdk/Contents/Home/jre/lib/libjava.dylib
0x0000000105aed000 	/Library/Java/JavaVirtualMachines/jdk1.7.0_79.jdk/Contents/Home/jre/lib/libzip.dylib
0x000000010cef3000 	/System/Library/Frameworks/JavaVM.framework/Frameworks/JavaRuntimeSupport.framework/JavaRuntimeSupport
0x000000010cf0e000 	/System/Library/Frameworks/JavaVM.framework/Versions/A/Frameworks/JavaNativeFoundation.framework/Versions/A/JavaNativeFoundation
0x000000010cf23000 	/System/Library/Frameworks/JavaVM.framework/Versions/A/JavaVM
0x0000000003b60000 	/System/Library/Frameworks/Carbon.framework/Versions/A/Carbon
0x000000010cf30000 	/System/Library/PrivateFrameworks/JavaLaunching.framework/Versions/A/JavaLaunching
0x0000000003b60000 	/System/Library/Frameworks/Carbon.framework/Versions/A/Frameworks/CommonPanels.framework/Versions/A/CommonPanels
0x0000000003b60000 	/System/Library/Frameworks/Carbon.framework/Versions/A/Frameworks/Help.framework/Versions/A/Help
0x0000000003b60000 	/System/Library/Frameworks/Carbon.framework/Versions/A/Frameworks/ImageCapture.framework/Versions/A/ImageCapture
0x0000000003b60000 	/System/Library/Frameworks/Carbon.framework/Versions/A/Frameworks/OpenScripting.framework/Versions/A/OpenScripting
0x0000000003b60000 	/System/Library/Frameworks/Carbon.framework/Versions/A/Frameworks/Print.framework/Versions/A/Print
0x0000000003b60000 	/System/Library/Frameworks/Carbon.framework/Versions/A/Frameworks/SecurityHI.framework/Versions/A/SecurityHI
0x000000010e86b000 	/Library/Java/JavaVirtualMachines/jdk1.7.0_79.jdk/Contents/Home/jre/lib/libawt.dylib
0x000000010e91a000 	/Library/Java/JavaVirtualMachines/jdk1.7.0_79.jdk/Contents/Home/jre/lib/./libmlib_image.dylib
0x000000010e9e6000 	/Library/Java/JavaVirtualMachines/jdk1.7.0_79.jdk/Contents/Home/jre/lib/lwawt/liblwawt.dylib
0x000000010ea9c000 	/Library/Java/JavaVirtualMachines/jdk1.7.0_79.jdk/Contents/Home/jre/lib/libosxapp.dylib
0x0000000003b60000 	/System/Library/Frameworks/ExceptionHandling.framework/Versions/A/ExceptionHandling
0x0000000003b60000 	/System/Library/PrivateFrameworks/CoreServicesInternal.framework/Versions/A/CoreServicesInternal
0x0000000003b60000 	/System/Library/Frameworks/CoreGraphics.framework/Versions/A/Resources/libRIP.A.dylib
0x0000000003b60000 	/System/Library/Frameworks/Accelerate.framework/Versions/A/Frameworks/vImage.framework/Versions/A/Libraries/libCGInterfaces.dylib
0x0000000003b60000 	/System/Library/Frameworks/CoreGraphics.framework/Versions/A/Resources/libCGXType.A.dylib
0x0000000003b60000 	/System/Library/Frameworks/OpenCL.framework/Versions/A/Libraries/libcldcpuengine.dylib
0x0000000003b60000 	/System/Library/PrivateFrameworks/DiskImages.framework/Versions/A/DiskImages
0x0000000003b60000 	/System/Library/Frameworks/DiscRecording.framework/Versions/A/DiscRecording
0x0000000003b60000 	/usr/lib/libcsfde.dylib
0x0000000003b60000 	/usr/lib/libcurl.4.dylib
0x0000000003b60000 	/System/Library/PrivateFrameworks/MediaKit.framework/Versions/A/MediaKit
0x0000000003b60000 	/System/Library/PrivateFrameworks/ProtectedCloudStorage.framework/Versions/A/ProtectedCloudStorage
0x0000000003b60000 	/usr/lib/libCoreStorage.dylib
0x0000000003b60000 	/System/Library/PrivateFrameworks/EFILogin.framework/Versions/A/EFILogin
0x0000000003b60000 	/usr/lib/libutil.dylib
0x0000000003b60000 	/System/Library/PrivateFrameworks/FindMyDevice.framework/Versions/A/FindMyDevice
0x0000000003b60000 	/System/Library/Frameworks/LDAP.framework/Versions/A/LDAP
0x0000000003b60000 	/usr/lib/libsasl2.2.dylib
0x0000000003b60000 	/System/Library/PrivateFrameworks/CoreDaemon.framework/Versions/B/CoreDaemon
0x0000000003b60000 	/usr/lib/libcrypto.0.9.8.dylib
0x0000000003b60000 	/System/Library/PrivateFrameworks/AppleSRP.framework/Versions/A/AppleSRP
0x0000000003b60000 	/System/Library/PrivateFrameworks/TrustEvaluationAgent.framework/Versions/A/TrustEvaluationAgent
0x0000000110799000 	cl_kernels
0x0000000003b60000 	/System/Library/Frameworks/OpenCL.framework/Versions/A/Libraries/ImageFormats/unorm8_bgra.dylib
0x0000000003b60000 	/System/Library/Frameworks/OpenCL.framework/Versions/A/Libraries/ImageFormats/unorm8_rgba.dylib
0x0000000003b60000 	/System/Library/PrivateFrameworks/FamilyControls.framework/Versions/A/FamilyControls
0x0000000003b60000 	/System/Library/PrivateFrameworks/CommerceKit.framework/Versions/A/Frameworks/CommerceCore.framework/Versions/A/CommerceCore
0x0000000003b60000 	/System/Library/PrivateFrameworks/SystemAdministration.framework/Versions/A/SystemAdministration
0x0000000003b60000 	/System/Library/PrivateFrameworks/AppContainer.framework/Versions/A/AppContainer
0x0000000003b60000 	/System/Library/PrivateFrameworks/SecCodeWrapper.framework/Versions/A/SecCodeWrapper
0x0000000003b60000 	/System/Library/Frameworks/DirectoryService.framework/Versions/A/DirectoryService
0x0000000003b60000 	/System/Library/PrivateFrameworks/LoginUIKit.framework/Versions/A/Frameworks/LoginUICore.framework/Versions/A/LoginUICore
0x0000000003b60000 	/usr/lib/libodfde.dylib
0x000000011185d000 	/Library/Java/JavaVirtualMachines/jdk1.7.0_79.jdk/Contents/Home/jre/lib/libfontmanager.dylib
0x00000001118c4000 	/Volumes/Workspace/Java Workspace/Turbulent/libs/native/macosx/liblwjgl.jnilib
0x000000010f93f000 	/Library/Java/JavaVirtualMachines/jdk1.7.0_79.jdk/Contents/Home/jre/lib/libjawt.dylib
0x000000010f942000 	/Library/Java/JavaVirtualMachines/jdk1.7.0_79.jdk/Contents/Home/jre/lib/libnio.dylib
0x0000000111943000 	/Library/Java/JavaVirtualMachines/jdk1.7.0_79.jdk/Contents/Home/jre/lib/./libnet.dylib
0x0000000003b60000 	/System/Library/Frameworks/OpenGL.framework/Versions/A/Resources/GLEngine.bundle/GLEngine
0x0000000003b60000 	/System/Library/Frameworks/OpenGL.framework/Versions/A/Libraries/libGLProgrammability.dylib
0x00000001119a1000 	/System/Library/Extensions/AppleIntelBDWGraphicsGLDriver.bundle/Contents/MacOS/AppleIntelBDWGraphicsGLDriver
0x0000000003b60000 	/System/Library/PrivateFrameworks/GPUSupport.framework/Versions/A/Libraries/libGPUSupportMercury.dylib
0x0000000003b60000 	/System/Library/Frameworks/OpenGL.framework/Versions/A/Resources/GLRendererFloat.bundle/GLRendererFloat
0x0000000112e14000 	/Volumes/Workspace/Java Workspace/Turbulent/libs/native/macosx/libjinput-osx.jnilib
0x0000000112e19000 	/System/Library/Extensions/IOHIDFamily.kext/Contents/PlugIns/IOHIDLib.plugin/Contents/MacOS/IOHIDLib

VM Arguments:
jvm_args: -Djava.library.path=/Volumes/Workspace/Java Workspace/Turbulent/libs/native/macosx -Dfile.encoding=UTF-8 
java_command: com.connorbrezinsky.turbulent.Main
Launcher Type: SUN_STANDARD

Environment Variables:
PATH=/usr/bin:/bin:/usr/sbin:/sbin
SHELL=/bin/bash

Signal Handlers:
SIGSEGV: [libjvm.dylib+0x52daf1], sa_mask[0]=0xfffefeff, sa_flags=0x00000043
SIGBUS: [libjvm.dylib+0x52daf1], sa_mask[0]=0xfffefeff, sa_flags=0x00000042
SIGFPE: [libjvm.dylib+0x41f34e], sa_mask[0]=0xfffefeff, sa_flags=0x00000042
SIGPIPE: [libjvm.dylib+0x41f34e], sa_mask[0]=0xfffefeff, sa_flags=0x00000042
SIGXFSZ: [libjvm.dylib+0x41f34e], sa_mask[0]=0xfffefeff, sa_flags=0x00000042
SIGILL: [libjvm.dylib+0x41f34e], sa_mask[0]=0xfffefeff, sa_flags=0x00000042
SIGUSR1: SIG_DFL, sa_mask[0]=0x00000000, sa_flags=0x00000000
SIGUSR2: [libjvm.dylib+0x41ee40], sa_mask[0]=0x00000004, sa_flags=0x00000042
SIGHUP: [libjvm.dylib+0x41d0d1], sa_mask[0]=0xfffefeff, sa_flags=0x00000042
SIGINT: [libjvm.dylib+0x41d0d1], sa_mask[0]=0xfffefeff, sa_flags=0x00000042
SIGTERM: [libjvm.dylib+0x41d0d1], sa_mask[0]=0xfffefeff, sa_flags=0x00000042
SIGQUIT: [libjvm.dylib+0x41d0d1], sa_mask[0]=0xfffefeff, sa_flags=0x00000042


---------------  S Y S T E M  ---------------

OS:Bsduname:Darwin 15.0.0 Darwin Kernel Version 15.0.0: Sat Sep 19 15:53:46 PDT 2015; root:xnu-3247.10.11~1/RELEASE_X86_64 x86_64
rlimit: STACK 8192k, CORE 0k, NPROC 709, NOFILE 10240, AS infinity
load average:7.10 4.86 4.32

CPU:total 4 (2 cores per cpu, 2 threads per core) family 6 model 61 stepping 4, cmov, cx8, fxsr, mmx, sse, sse2, sse3, ssse3, sse4.1, sse4.2, popcnt, avx, avx2, aes, erms, ht, tsc, tscinvbit

Memory: 4k page, physical 4194304k(1048576k free)

/proc/meminfo:


vm_info: Java HotSpot(TM) 64-Bit Server VM (24.79-b02) for bsd-amd64 JRE (1.7.0_79-b15), built on Apr 10 2015 11:35:04 by "java_re" with gcc 4.2.1 (Based on Apple Inc. build 5658) (LLVM build 2336.11.00)

time: Mon Dec  7 23:33:56 2015
elapsed time: 260 seconds

