#
# A fatal error has been detected by the Java Runtime Environment:
#
#  SIGSEGV (0xb) at pc=0x00007fff9105f8e2, pid=3448, tid=2571
#
# JRE version: Java(TM) SE Runtime Environment (7.0_79-b15) (build 1.7.0_79-b15)
# Java VM: Java HotSpot(TM) 64-Bit Server VM (24.79-b02 mixed mode bsd-amd64 compressed oops)
# Problematic frame:
# C  [libGPUSupportMercury.dylib+0xa8e2]  gldAttachDrawable+0x60
#
# Failed to write core dump. Core dumps have been disabled. To enable core dumping, try "ulimit -c unlimited" before starting Java again
#
# If you would like to submit a bug report, please visit:
#   http://bugreport.java.com/bugreport/crash.jsp
# The crash happened outside the Java Virtual Machine in native code.
# See problematic frame for where to report the bug.
#

---------------  T H R E A D  ---------------

Current thread (0x00007f90ea884800):  JavaThread "AppKit Thread" daemon [_thread_in_native, id=2571, stack(0x00007fff50c80000,0x00007fff51480000)]

siginfo:si_signo=SIGSEGV: si_errno=0, si_code=0 (SEGV0), si_addr=0x0000000000000000

Registers:
RAX=0x9000000000000000, RBX=0x000000000000271e, RCX=0x0000000000000000, RDX=0x00007f90ec422c18
RSP=0x00007fff5147b230, RBP=0x00007fff5147b330, RSI=0x0000000000000050, RDI=0x2a000f751f76e702
R8 =0x00007f90ed009e60, R9 =0x00007f90ec800000, R10=0x000000000000003c, R11=0x0000000000000206
R12=0x0000000000002718, R13=0x00007f90eb164e00, R14=0x0000000000000050, R15=0x0000000000000000
RIP=0x00007fff9105f8e2, EFLAGS=0x0000000000010212, ERR=0x0000000000000000
  TRAPNO=0x000000000000000d

Top of Stack: (sp=0x00007fff5147b230)
0x00007fff5147b230:   000000000001ba83 000000000000082f
0x00007fff5147b240:   00007fff5147b280 00007fff89e0e9f0
0x00007fff5147b250:   0000000000000000 4036000000000000
0x00007fff5147b260:   4089000000000000 9000000000000000
0x00007fff5147b270:   22a7ec5a0001ba83 0000000022a7ec5a
0x00007fff5147b280:   00007fff5147b370 00007fff89e1dcd7
0x00007fff5147b290:   0000000000000000 4036000000000000
0x00007fff5147b2a0:   4089000000000000 4082c00000000000
0x00007fff5147b2b0:   7ff0000000000000 7ff0000000000000
0x00007fff5147b2c0:   0000000000000000 0000000000000000
0x00007fff5147b2d0:   000000000000082f 00007f90e9d67db0
0x00007fff5147b2e0:   7ff0000000000000 7ff0000000000000
0x00007fff5147b2f0:   0000000000000000 0000000000000000
0x00007fff5147b300:   2a000f751f76e702 00007f90ed000000
0x00007fff5147b310:   0000000000002718 0000000000000000
0x00007fff5147b320:   0000000000000050 0000000000000000
0x00007fff5147b330:   00007fff5147b390 00007fff99b84553
0x00007fff5147b340:   0000000000000000 0000000000000000
0x00007fff5147b350:   00007f90ed009e60 0000000000000000
0x00007fff5147b360:   00007f90ec422c18 00007f90e9e4f4f0
0x00007fff5147b370:   0000000000000000 00007f90eb10db50
0x00007fff5147b380:   00007f90eb10bc00 2a000f751f76e702
0x00007fff5147b390:   00007fff5147b480 00007fff83fae844
0x00007fff5147b3a0:   4090000000000000 406e000000000000
0x00007fff5147b3b0:   4067c00000000000 4089000000000000
0x00007fff5147b3c0:   4083700000000000 0000000000000000
0x00007fff5147b3d0:   4036000000000000 4089000000000000
0x00007fff5147b3e0:   4082c00000000000 0000000000000001
0x00007fff5147b3f0:   0000000000000000 0000000000000002
0x00007fff5147b400:   00007f90ec422c18 0000000000000002
0x00007fff5147b410:   00007fff5147b480 00007fff83fb35da
0x00007fff5147b420:   0000000000000003 0000000200000001 

Instructions: (pc=0x00007fff9105f8e2)
0x00007fff9105f8c2:   48 85 d2 b8 01 00 00 00 bb 15 27 00 00 0f 44 d8
0x00007fff9105f8d2:   e9 29 03 00 00 49 8b 45 08 48 89 85 38 ff ff ff
0x00007fff9105f8e2:   48 8b 00 48 89 85 30 ff ff ff 83 fe 4f 0f 8f 03
0x00007fff9105f8f2:   01 00 00 48 89 d0 bb 15 27 00 00 83 fe 35 0f 84 

Register to memory mapping:

RAX=0x9000000000000000 is an unknown value
RBX=0x000000000000271e is an unknown value
RCX=0x0000000000000000 is an unknown value
RDX=0x00007f90ec422c18 is an unknown value
RSP=0x00007fff5147b230 is pointing into the stack for thread: 0x00007f90ea884800
RBP=0x00007fff5147b330 is pointing into the stack for thread: 0x00007f90ea884800
RSI=0x0000000000000050 is an unknown value
RDI=0x2a000f751f76e702 is an unknown value
R8 =0x00007f90ed009e60 is an unknown value
R9 =0x00007f90ec800000 is an unknown value
R10=0x000000000000003c is an unknown value
R11=0x0000000000000206 is an unknown value
R12=0x0000000000002718 is an unknown value
R13=0x00007f90eb164e00 is an unknown value
R14=0x0000000000000050 is an unknown value
R15=0x0000000000000000 is an unknown value


Stack: [0x00007fff50c80000,0x00007fff51480000],  sp=0x00007fff5147b230,  free space=8172k
Native frames: (J=compiled Java code, j=interpreted, Vv=VM code, C=native code)
C  [libGPUSupportMercury.dylib+0xa8e2]  gldAttachDrawable+0x60
C  [GLEngine+0x16553]  gliAttachDrawableWithOptions+0x108
C  [OpenGL+0x3844]  glcGetIOAccelService+0xe35
C  [OpenGL+0x7370]  CGLSetPBuffer+0xb38
C  [OpenGL+0x7695]  CGLSetSurface+0x124
C  [AppKit+0x35abb8]  NSOpenGLContextAttachOnScreenViewSurface+0x109
C  [AppKit+0x681633]  __27-[NSOpenGLContext setView:]_block_invoke+0xc0
C  [AppKit+0x183f05]  NSPerformVisuallyAtomicChange+0x93
C  [AppKit+0x34792d]  -[NSOpenGLContext setView:]+0x77
C  [liblwjgl.jnilib+0x9f3e]  -[MacOSXOpenGLView lockFocus]+0x6e
C  [AppKit+0x1a967f]  -[NSView _recursiveDisplayRectIfNeededIgnoringOpacity:isVisibleRect:rectIsVisibleRectForView:topView:]+0x6e2
C  [AppKit+0x1aa66d]  -[NSView _recursiveDisplayRectIfNeededIgnoringOpacity:isVisibleRect:rectIsVisibleRectForView:topView:]+0x16d0
C  [AppKit+0x1a8ac8]  -[NSThemeFrame _recursiveDisplayRectIfNeededIgnoringOpacity:isVisibleRect:rectIsVisibleRectForView:topView:]+0x14e
C  [AppKit+0x1a6ed3]  -[NSView _displayRectIgnoringOpacity:isVisibleRect:rectIsVisibleRectForView:]+0x991
C  [AppKit+0x1a22e1]  -[NSView displayIfNeeded]+0x79e
C  [AppKit+0x1a1b28]  -[NSWindow displayIfNeeded]+0xe8
C  [AppKit+0x8200be]  ___NSWindowGetDisplayCycleObserver_block_invoke6323+0x1dc
C  [AppKit+0x1a14c3]  __37+[NSDisplayCycle currentDisplayCycle]_block_invoke+0x2e2
C  [QuartzCore+0x117d1]  _ZN2CA11Transaction19run_commit_handlersE18CATransactionPhase+0x55
C  [QuartzCore+0x10c8c]  _ZN2CA7Context18commit_transactionEPNS_11TransactionE+0xa0
C  [QuartzCore+0x1094c]  _ZN2CA11Transaction6commitEv+0x1fc
C  [QuartzCore+0x1c13b]  _ZN2CA11Transaction17observer_callbackEP19__CFRunLoopObservermPv+0x47
C  [CoreFoundation+0xaa097]  __CFRUNLOOP_IS_CALLING_OUT_TO_AN_OBSERVER_CALLBACK_FUNCTION__+0x17
C  [CoreFoundation+0xaa007]  __CFRunLoopDoObservers+0x187
C  [CoreFoundation+0x88fe8]  CFRunLoopRunSpecific+0x148
C  [HIToolbox+0x30d55]  RunCurrentEventLoopInMode+0xeb
C  [HIToolbox+0x30a97]  ReceiveNextEventCommon+0xb8
C  [HIToolbox+0x309cf]  _BlockUntilNextEventMatchingListInModeWithFilter+0x47
C  [AppKit+0x49d96]  _DPSNextEvent+0x42b
C  [AppKit+0x491c5]  -[NSApplication _nextEventMatchingEventMask:untilDate:inMode:dequeue:]+0x1c6
C  [libosxapp.dylib+0x24e3]  -[NSApplicationAWT nextEventMatchingMask:untilDate:inMode:dequeue:]+0x7c
C  [AppKit+0x3dd28]  -[NSApplication run]+0x2aa
C  [libosxapp.dylib+0x2346]  +[NSApplicationAWT runAWTLoopWithApp:]+0x9c
C  [liblwawt.dylib+0xe17d]  -[AWTStarter starter:]+0x369
C  [Foundation+0x7741e]  __NSThreadPerformPerform+0x117
C  [CoreFoundation+0xaa8b1]  __CFRUNLOOP_IS_CALLING_OUT_TO_A_SOURCE0_PERFORM_FUNCTION__+0x11
C  [CoreFoundation+0x8a0ac]  __CFRunLoopDoSources0+0x22c
C  [CoreFoundation+0x895cf]  __CFRunLoopRun+0x39f
C  [CoreFoundation+0x88fc8]  CFRunLoopRunSpecific+0x128
C  [java+0x73b0]  CreateExecutionEnvironment+0x367
C  [java+0x1b5c]  JLI_Launch+0x7a0
C  [java+0x770d]  main+0x65
C  [java+0x13b4]  start+0x34


---------------  P R O C E S S  ---------------

Java Threads: ( => current thread )
  0x00007f90ea075000 JavaThread "AWT-Shutdown" [_thread_blocked, id=29463, stack(0x00007000010d0000,0x00007000011d0000)]
=>0x00007f90ea884800 JavaThread "AppKit Thread" daemon [_thread_in_native, id=2571, stack(0x00007fff50c80000,0x00007fff51480000)]
  0x00007f90eb040000 JavaThread "Service Thread" daemon [_thread_blocked, id=18691, stack(0x0000700000dc4000,0x0000700000ec4000)]
  0x00007f90eb03d000 JavaThread "C2 CompilerThread1" daemon [_thread_blocked, id=18179, stack(0x0000700000cc1000,0x0000700000dc1000)]
  0x00007f90eb03b800 JavaThread "C2 CompilerThread0" daemon [_thread_blocked, id=17667, stack(0x0000700000bbe000,0x0000700000cbe000)]
  0x00007f90eb02c800 JavaThread "Signal Dispatcher" daemon [_thread_blocked, id=16663, stack(0x0000700000abb000,0x0000700000bbb000)]
  0x00007f90eb02b800 JavaThread "Finalizer" daemon [_thread_blocked, id=12803, stack(0x000070000082f000,0x000070000092f000)]
  0x00007f90eb025000 JavaThread "Reference Handler" daemon [_thread_blocked, id=12291, stack(0x000070000072c000,0x000070000082c000)]
  0x00007f90eb803800 JavaThread "main" [_thread_in_native, id=6403, stack(0x000070000011a000,0x000070000021a000)]

Other Threads:
  0x00007f90ea81e800 VMThread [stack: 0x0000700000629000,0x0000700000729000] [id=11779]
  0x00007f90ea00f000 WatcherThread [stack: 0x0000700000ec7000,0x0000700000fc7000] [id=19203]

VM state:not at safepoint (normal execution)

VM Mutex/Monitor currently owned by a thread: None

Heap
 PSYoungGen      total 19456K, used 6572K [0x00000007eaa80000, 0x00000007ec000000, 0x0000000800000000)
  eden space 16896K, 23% used [0x00000007eaa80000,0x00000007eae6d1e8,0x00000007ebb00000)
  from space 2560K, 99% used [0x00000007ebb00000,0x00000007ebd7e158,0x00000007ebd80000)
  to   space 2560K, 0% used [0x00000007ebd80000,0x00000007ebd80000,0x00000007ec000000)
 ParOldGen       total 43520K, used 5025K [0x00000007c0000000, 0x00000007c2a80000, 0x00000007eaa80000)
  object space 43520K, 11% used [0x00000007c0000000,0x00000007c04e8460,0x00000007c2a80000)
 PSPermGen       total 21504K, used 6646K [0x00000007bae00000, 0x00000007bc300000, 0x00000007c0000000)
  object space 21504K, 30% used [0x00000007bae00000,0x00000007bb47d988,0x00000007bc300000)

Card table byte_map: [0x0000000112d72000,0x0000000112f9c000] byte_map_base: 0x000000010ef9b000

Polling page: 0x000000010e9ff000

Code Cache  [0x000000010fcb2000, 0x000000010ff22000, 0x0000000112cb2000)
 total_blobs=438 nmethods=94 adapters=298 free_code_cache=48549Kb largest_free_block=49695168

Compilation events (10 events):
Event: 7.676 Thread 0x00007f90eb03d000   89             java.lang.AbstractStringBuilder::ensureCapacityInternal (16 bytes)
Event: 7.679 Thread 0x00007f90eb03d000 nmethod 89 0x000000010fd4a9d0 code [0x000000010fd4ab20, 0x000000010fd4add8]
Event: 7.794 Thread 0x00007f90eb03b800   90             java.nio.Buffer::position (5 bytes)
Event: 7.795 Thread 0x00007f90eb03b800 nmethod 90 0x000000010fd4af50 code [0x000000010fd4b080, 0x000000010fd4b0d8]
Event: 8.261 Thread 0x00007f90eb03d000   91             java.lang.String::<init> (67 bytes)
Event: 8.264 Thread 0x00007f90eb03d000 nmethod 91 0x000000010fd4c390 code [0x000000010fd4c4e0, 0x000000010fd4c778]
Event: 8.343 Thread 0x00007f90eb03b800   92             org.newdawn.slick.opengl.renderer.ImmediateModeOGLRenderer::glVertex2f (6 bytes)
Event: 8.343 Thread 0x00007f90eb03d000   93             org.lwjgl.opengl.GL11::glVertex2f (20 bytes)
Event: 8.346 Thread 0x00007f90eb03b800 nmethod 92 0x000000010fd4bf50 code [0x000000010fd4c0a0, 0x000000010fd4c1c8]
Event: 8.346 Thread 0x00007f90eb03d000 nmethod 93 0x000000010fd4bb50 code [0x000000010fd4bca0, 0x000000010fd4bda8]

GC Heap History (2 events):
Event: 2.620 GC heap before
{Heap before GC invocations=1 (full 0):
 PSYoungGen      total 19456K, used 16896K [0x00000007eaa80000, 0x00000007ec000000, 0x0000000800000000)
  eden space 16896K, 100% used [0x00000007eaa80000,0x00000007ebb00000,0x00000007ebb00000)
  from space 2560K, 0% used [0x00000007ebd80000,0x00000007ebd80000,0x00000007ec000000)
  to   space 2560K, 0% used [0x00000007ebb00000,0x00000007ebb00000,0x00000007ebd80000)
 ParOldGen       total 43520K, used 0K [0x00000007c0000000, 0x00000007c2a80000, 0x00000007eaa80000)
  object space 43520K, 0% used [0x00000007c0000000,0x00000007c0000000,0x00000007c2a80000)
 PSPermGen       total 21504K, used 6568K [0x00000007bae00000, 0x00000007bc300000, 0x00000007c0000000)
  object space 21504K, 30% used [0x00000007bae00000,0x00000007bb46a1e0,0x00000007bc300000)
Event: 2.637 GC heap after
Heap after GC invocations=1 (full 0):
 PSYoungGen      total 19456K, used 2552K [0x00000007eaa80000, 0x00000007ec000000, 0x0000000800000000)
  eden space 16896K, 0% used [0x00000007eaa80000,0x00000007eaa80000,0x00000007ebb00000)
  from space 2560K, 99% used [0x00000007ebb00000,0x00000007ebd7e158,0x00000007ebd80000)
  to   space 2560K, 0% used [0x00000007ebd80000,0x00000007ebd80000,0x00000007ec000000)
 ParOldGen       total 43520K, used 5025K [0x00000007c0000000, 0x00000007c2a80000, 0x00000007eaa80000)
  object space 43520K, 11% used [0x00000007c0000000,0x00000007c04e8460,0x00000007c2a80000)
 PSPermGen       total 21504K, used 6568K [0x00000007bae00000, 0x00000007bc300000, 0x00000007c0000000)
  object space 21504K, 30% used [0x00000007bae00000,0x00000007bb46a1e0,0x00000007bc300000)
}

Deoptimization events (5 events):
Event: 2.028 Thread 0x00007f90eb803800 Uncommon trap: reason=unreached action=reinterpret pc=0x000000010fd3900c method=java.util.HashMap.getEntry(Ljava/lang/Object;)Ljava/util/HashMap$Entry; @ 58
Event: 2.028 Thread 0x00007f90eb803800 Uncommon trap: reason=unreached action=reinterpret pc=0x000000010fd36278 method=java.util.HashMap.getEntry(Ljava/lang/Object;)Ljava/util/HashMap$Entry; @ 58
Event: 2.718 Thread 0x00007f90eb803800 Uncommon trap: reason=class_check action=maybe_recompile pc=0x000000010fd329b4 method=java.util.HashMap.put(Ljava/lang/Object;Ljava/lang/Object;)Ljava/lang/Object; @ 137
Event: 3.746 Thread 0x00007f90eb803800 Uncommon trap: reason=class_check action=maybe_recompile pc=0x000000010fd329b4 method=java.util.HashMap.put(Ljava/lang/Object;Ljava/lang/Object;)Ljava/lang/Object; @ 137
Event: 7.810 Thread 0x00007f90eb803800 Uncommon trap: reason=class_check action=maybe_recompile pc=0x000000010fd329b4 method=java.util.HashMap.put(Ljava/lang/Object;Ljava/lang/Object;)Ljava/lang/Object; @ 137

Internal exceptions (10 events):
Event: 2.539 Thread 0x00007f90eb803800 Threw 0x00000007eb9a36d8 at /HUDSON/workspace/7u-2-build-macosx-x86_64/jdk7u79/2331/hotspot/src/share/vm/prims/jvm.cpp:1304
Event: 2.549 Thread 0x00007f90eb803800 Threw 0x00000007eb9af848 at /HUDSON/workspace/7u-2-build-macosx-x86_64/jdk7u79/2331/hotspot/src/share/vm/prims/jvm.cpp:1304
Event: 2.551 Thread 0x00007f90eb803800 Threw 0x00000007eb9b99c0 at /HUDSON/workspace/7u-2-build-macosx-x86_64/jdk7u79/2331/hotspot/src/share/vm/prims/jvm.cpp:1304
Event: 2.615 Thread 0x00007f90eb803800 Threw 0x00000007ebaf5f40 at /HUDSON/workspace/7u-2-build-macosx-x86_64/jdk7u79/2331/hotspot/src/share/vm/prims/jvm.cpp:1304
Event: 2.711 Thread 0x00007f90eb803800 Threw 0x00000007eace6a10 at /HUDSON/workspace/7u-2-build-macosx-x86_64/jdk7u79/2331/hotspot/src/share/vm/prims/jvm.cpp:1304
Event: 2.716 Thread 0x00007f90eb803800 Threw 0x00000007eaced9c8 at /HUDSON/workspace/7u-2-build-macosx-x86_64/jdk7u79/2331/hotspot/src/share/vm/prims/jvm.cpp:1304
Event: 2.720 Thread 0x00007f90eb803800 Threw 0x00000007eacf15c0 at /HUDSON/workspace/7u-2-build-macosx-x86_64/jdk7u79/2331/hotspot/src/share/vm/prims/jvm.cpp:1304
Event: 2.722 Thread 0x00007f90eb803800 Threw 0x00000007eacf50b0 at /HUDSON/workspace/7u-2-build-macosx-x86_64/jdk7u79/2331/hotspot/src/share/vm/prims/jvm.cpp:1304
Event: 4.311 Thread 0x00007f90eb803800 Threw 0x00000007ead06c00 at /HUDSON/workspace/7u-2-build-macosx-x86_64/jdk7u79/2331/hotspot/src/share/vm/prims/jvm.cpp:1304
Event: 9.231 Thread 0x00007f90eb803800 Threw 0x00000007eae5d848 at /HUDSON/workspace/7u-2-build-macosx-x86_64/jdk7u79/2331/hotspot/src/share/vm/prims/jvm.cpp:1304

Events (10 events):
Event: 3.746 Thread 0x00007f90eb803800 DEOPT UNPACKING pc=0x000000010fceb045 sp=0x0000700000219630 mode 2
Event: 4.252 Executing VM operation: EnableBiasedLocking
Event: 4.252 Executing VM operation: EnableBiasedLocking done
Event: 4.311 loading class 0x00007f90e9f0ca00
Event: 4.311 loading class 0x00007f90e9f0ca00 done
Event: 7.810 Thread 0x00007f90eb803800 Uncommon trap: trap_request=0xffffffde fr.pc=0x000000010fd329b4
Event: 7.810 Thread 0x00007f90eb803800 DEOPT PACKING pc=0x000000010fd329b4 sp=0x0000700000219680
Event: 7.810 Thread 0x00007f90eb803800 DEOPT UNPACKING pc=0x000000010fceb045 sp=0x0000700000219630 mode 2
Event: 9.231 loading class 0x00007f90e9f26530
Event: 9.231 loading class 0x00007f90e9f26530 done


Dynamic libraries:
0x0000000003b60000 	/System/Library/Frameworks/Cocoa.framework/Versions/A/Cocoa
0x0000000003b60000 	/System/Library/Frameworks/Security.framework/Versions/A/Security
0x0000000003b60000 	/System/Library/Frameworks/ApplicationServices.framework/Versions/A/ApplicationServices
0x0000000003b60000 	/usr/lib/libz.1.dylib
0x0000000003b60000 	/usr/lib/libSystem.B.dylib
0x0000000003b60000 	/usr/lib/libobjc.A.dylib
0x0000000003b60000 	/System/Library/Frameworks/CoreFoundation.framework/Versions/A/CoreFoundation
0x0000000003b60000 	/System/Library/Frameworks/Foundation.framework/Versions/C/Foundation
0x0000000003b60000 	/System/Library/Frameworks/AppKit.framework/Versions/C/AppKit
0x0000000003b60000 	/System/Library/Frameworks/CoreData.framework/Versions/A/CoreData
0x0000000003b60000 	/System/Library/PrivateFrameworks/RemoteViewServices.framework/Versions/A/RemoteViewServices
0x0000000003b60000 	/System/Library/PrivateFrameworks/UIFoundation.framework/Versions/A/UIFoundation
0x0000000003b60000 	/usr/lib/libScreenReader.dylib
0x0000000003b60000 	/System/Library/Frameworks/Accelerate.framework/Versions/A/Accelerate
0x0000000003b60000 	/System/Library/Frameworks/IOSurface.framework/Versions/A/IOSurface
0x0000000003b60000 	/System/Library/Frameworks/AudioToolbox.framework/Versions/A/AudioToolbox
0x0000000003b60000 	/System/Library/Frameworks/AudioUnit.framework/Versions/A/AudioUnit
0x0000000003b60000 	/System/Library/PrivateFrameworks/DataDetectorsCore.framework/Versions/A/DataDetectorsCore
0x0000000003b60000 	/System/Library/PrivateFrameworks/DesktopServicesPriv.framework/Versions/A/DesktopServicesPriv
0x0000000003b60000 	/System/Library/Frameworks/Carbon.framework/Versions/A/Frameworks/HIToolbox.framework/Versions/A/HIToolbox
0x0000000003b60000 	/System/Library/Frameworks/QuartzCore.framework/Versions/A/QuartzCore
0x0000000003b60000 	/System/Library/Frameworks/Carbon.framework/Versions/A/Frameworks/SpeechRecognition.framework/Versions/A/SpeechRecognition
0x0000000003b60000 	/usr/lib/libauto.dylib
0x0000000003b60000 	/usr/lib/libicucore.A.dylib
0x0000000003b60000 	/usr/lib/libxml2.2.dylib
0x0000000003b60000 	/System/Library/PrivateFrameworks/CoreUI.framework/Versions/A/CoreUI
0x0000000003b60000 	/System/Library/Frameworks/CoreAudio.framework/Versions/A/CoreAudio
0x0000000003b60000 	/System/Library/Frameworks/DiskArbitration.framework/Versions/A/DiskArbitration
0x0000000003b60000 	/usr/lib/liblangid.dylib
0x0000000003b60000 	/System/Library/PrivateFrameworks/MultitouchSupport.framework/Versions/A/MultitouchSupport
0x0000000003b60000 	/System/Library/Frameworks/IOKit.framework/Versions/A/IOKit
0x0000000003b60000 	/usr/lib/libDiagnosticMessagesClient.dylib
0x0000000003b60000 	/System/Library/Frameworks/CoreServices.framework/Versions/A/CoreServices
0x0000000003b60000 	/System/Library/PrivateFrameworks/PerformanceAnalysis.framework/Versions/A/PerformanceAnalysis
0x0000000003b60000 	/System/Library/PrivateFrameworks/GenerationalStorage.framework/Versions/A/GenerationalStorage
0x0000000003b60000 	/System/Library/Frameworks/OpenGL.framework/Versions/A/OpenGL
0x0000000003b60000 	/System/Library/PrivateFrameworks/Sharing.framework/Versions/A/Sharing
0x0000000003b60000 	/System/Library/Frameworks/CoreGraphics.framework/Versions/A/CoreGraphics
0x0000000003b60000 	/System/Library/Frameworks/CoreImage.framework/Versions/A/CoreImage
0x0000000003b60000 	/System/Library/Frameworks/CoreText.framework/Versions/A/CoreText
0x0000000003b60000 	/System/Library/Frameworks/ImageIO.framework/Versions/A/ImageIO
0x0000000003b60000 	/System/Library/PrivateFrameworks/Backup.framework/Versions/A/Backup
0x0000000003b60000 	/usr/lib/libextension.dylib
0x0000000003b60000 	/usr/lib/libarchive.2.dylib
0x0000000003b60000 	/System/Library/Frameworks/CFNetwork.framework/Versions/A/CFNetwork
0x0000000003b60000 	/System/Library/Frameworks/SystemConfiguration.framework/Versions/A/SystemConfiguration
0x0000000003b60000 	/usr/lib/libCRFSuite.dylib
0x0000000003b60000 	/usr/lib/libc++.1.dylib
0x0000000003b60000 	/usr/lib/libc++abi.dylib
0x0000000003b60000 	/usr/lib/system/libcache.dylib
0x0000000003b60000 	/usr/lib/system/libcommonCrypto.dylib
0x0000000003b60000 	/usr/lib/system/libcompiler_rt.dylib
0x0000000003b60000 	/usr/lib/system/libcopyfile.dylib
0x0000000003b60000 	/usr/lib/system/libcorecrypto.dylib
0x0000000003b60000 	/usr/lib/system/libdispatch.dylib
0x0000000003b60000 	/usr/lib/system/libdyld.dylib
0x0000000003b60000 	/usr/lib/system/libkeymgr.dylib
0x0000000003b60000 	/usr/lib/system/liblaunch.dylib
0x0000000003b60000 	/usr/lib/system/libmacho.dylib
0x0000000003b60000 	/usr/lib/system/libquarantine.dylib
0x0000000003b60000 	/usr/lib/system/libremovefile.dylib
0x0000000003b60000 	/usr/lib/system/libsystem_asl.dylib
0x0000000003b60000 	/usr/lib/system/libsystem_blocks.dylib
0x0000000003b60000 	/usr/lib/system/libsystem_c.dylib
0x0000000003b60000 	/usr/lib/system/libsystem_configuration.dylib
0x0000000003b60000 	/usr/lib/system/libsystem_coreservices.dylib
0x0000000003b60000 	/usr/lib/system/libsystem_coretls.dylib
0x0000000003b60000 	/usr/lib/system/libsystem_dnssd.dylib
0x0000000003b60000 	/usr/lib/system/libsystem_info.dylib
0x0000000003b60000 	/usr/lib/system/libsystem_kernel.dylib
0x0000000003b60000 	/usr/lib/system/libsystem_m.dylib
0x0000000003b60000 	/usr/lib/system/libsystem_malloc.dylib
0x0000000003b60000 	/usr/lib/system/libsystem_network.dylib
0x0000000003b60000 	/usr/lib/system/libsystem_networkextension.dylib
0x0000000003b60000 	/usr/lib/system/libsystem_notify.dylib
0x0000000003b60000 	/usr/lib/system/libsystem_platform.dylib
0x0000000003b60000 	/usr/lib/system/libsystem_pthread.dylib
0x0000000003b60000 	/usr/lib/system/libsystem_sandbox.dylib
0x0000000003b60000 	/usr/lib/system/libsystem_secinit.dylib
0x0000000003b60000 	/usr/lib/system/libsystem_trace.dylib
0x0000000003b60000 	/usr/lib/system/libunc.dylib
0x0000000003b60000 	/usr/lib/system/libunwind.dylib
0x0000000003b60000 	/usr/lib/system/libxpc.dylib
0x0000000003b60000 	/usr/lib/libenergytrace.dylib
0x0000000003b60000 	/usr/lib/libbsm.0.dylib
0x0000000003b60000 	/usr/lib/system/libkxld.dylib
0x0000000003b60000 	/usr/lib/libxar.1.dylib
0x0000000003b60000 	/usr/lib/libsqlite3.dylib
0x0000000003b60000 	/usr/lib/libpam.2.dylib
0x0000000003b60000 	/usr/lib/libOpenScriptingUtil.dylib
0x0000000003b60000 	/usr/lib/libbz2.1.0.dylib
0x0000000003b60000 	/usr/lib/liblzma.5.dylib
0x0000000003b60000 	/System/Library/Frameworks/CoreServices.framework/Versions/A/Frameworks/FSEvents.framework/Versions/A/FSEvents
0x0000000003b60000 	/System/Library/Frameworks/CoreServices.framework/Versions/A/Frameworks/CarbonCore.framework/Versions/A/CarbonCore
0x0000000003b60000 	/System/Library/Frameworks/CoreServices.framework/Versions/A/Frameworks/Metadata.framework/Versions/A/Metadata
0x0000000003b60000 	/System/Library/Frameworks/CoreServices.framework/Versions/A/Frameworks/OSServices.framework/Versions/A/OSServices
0x0000000003b60000 	/System/Library/Frameworks/CoreServices.framework/Versions/A/Frameworks/SearchKit.framework/Versions/A/SearchKit
0x0000000003b60000 	/System/Library/Frameworks/CoreServices.framework/Versions/A/Frameworks/AE.framework/Versions/A/AE
0x0000000003b60000 	/System/Library/Frameworks/CoreServices.framework/Versions/A/Frameworks/LaunchServices.framework/Versions/A/LaunchServices
0x0000000003b60000 	/System/Library/Frameworks/CoreServices.framework/Versions/A/Frameworks/DictionaryServices.framework/Versions/A/DictionaryServices
0x0000000003b60000 	/System/Library/Frameworks/CoreServices.framework/Versions/A/Frameworks/SharedFileList.framework/Versions/A/SharedFileList
0x0000000003b60000 	/System/Library/Frameworks/NetFS.framework/Versions/A/NetFS
0x0000000003b60000 	/System/Library/PrivateFrameworks/NetAuth.framework/Versions/A/NetAuth
0x0000000003b60000 	/System/Library/PrivateFrameworks/login.framework/Versions/A/Frameworks/loginsupport.framework/Versions/A/loginsupport
0x0000000003b60000 	/System/Library/PrivateFrameworks/TCC.framework/Versions/A/TCC
0x0000000003b60000 	/usr/lib/libmecabra.dylib
0x0000000003b60000 	/System/Library/Frameworks/ApplicationServices.framework/Versions/A/Frameworks/ATS.framework/Versions/A/ATS
0x0000000003b60000 	/System/Library/Frameworks/ApplicationServices.framework/Versions/A/Frameworks/ColorSync.framework/Versions/A/ColorSync
0x0000000003b60000 	/System/Library/Frameworks/ApplicationServices.framework/Versions/A/Frameworks/HIServices.framework/Versions/A/HIServices
0x0000000003b60000 	/System/Library/Frameworks/ApplicationServices.framework/Versions/A/Frameworks/LangAnalysis.framework/Versions/A/LangAnalysis
0x0000000003b60000 	/System/Library/Frameworks/ApplicationServices.framework/Versions/A/Frameworks/PrintCore.framework/Versions/A/PrintCore
0x0000000003b60000 	/System/Library/Frameworks/ApplicationServices.framework/Versions/A/Frameworks/QD.framework/Versions/A/QD
0x0000000003b60000 	/System/Library/Frameworks/ApplicationServices.framework/Versions/A/Frameworks/SpeechSynthesis.framework/Versions/A/SpeechSynthesis
0x0000000003b60000 	/System/Library/Frameworks/Metal.framework/Versions/A/Metal
0x0000000003b60000 	/System/Library/Frameworks/Accelerate.framework/Versions/A/Frameworks/vImage.framework/Versions/A/vImage
0x0000000003b60000 	/System/Library/Frameworks/Accelerate.framework/Versions/A/Frameworks/vecLib.framework/Versions/A/vecLib
0x0000000003b60000 	/System/Library/Frameworks/Accelerate.framework/Versions/A/Frameworks/vecLib.framework/Versions/A/libvDSP.dylib
0x0000000003b60000 	/System/Library/Frameworks/Accelerate.framework/Versions/A/Frameworks/vecLib.framework/Versions/A/libvMisc.dylib
0x0000000003b60000 	/System/Library/Frameworks/Accelerate.framework/Versions/A/Frameworks/vecLib.framework/Versions/A/libLAPACK.dylib
0x0000000003b60000 	/System/Library/Frameworks/Accelerate.framework/Versions/A/Frameworks/vecLib.framework/Versions/A/libBLAS.dylib
0x0000000003b60000 	/System/Library/Frameworks/Accelerate.framework/Versions/A/Frameworks/vecLib.framework/Versions/A/libLinearAlgebra.dylib
0x0000000003b60000 	/System/Library/Frameworks/Accelerate.framework/Versions/A/Frameworks/vecLib.framework/Versions/A/libSparseBLAS.dylib
0x0000000003b60000 	/System/Library/PrivateFrameworks/GPUCompiler.framework/libmetal_timestamp.dylib
0x0000000003b60000 	/System/Library/Frameworks/OpenGL.framework/Versions/A/Libraries/libCoreFSCache.dylib
0x0000000003b60000 	/System/Library/PrivateFrameworks/IOAccelerator.framework/Versions/A/IOAccelerator
0x0000000003b60000 	/System/Library/Frameworks/ApplicationServices.framework/Versions/A/Frameworks/ATS.framework/Versions/A/Resources/libFontParser.dylib
0x0000000003b60000 	/System/Library/Frameworks/ApplicationServices.framework/Versions/A/Frameworks/ATS.framework/Versions/A/Resources/libFontRegistry.dylib
0x0000000003b60000 	/System/Library/PrivateFrameworks/AppleVPA.framework/Versions/A/AppleVPA
0x0000000003b60000 	/System/Library/PrivateFrameworks/AppleJPEG.framework/Versions/A/AppleJPEG
0x0000000003b60000 	/System/Library/Frameworks/ImageIO.framework/Versions/A/Resources/libJPEG.dylib
0x0000000003b60000 	/System/Library/Frameworks/ImageIO.framework/Versions/A/Resources/libTIFF.dylib
0x0000000003b60000 	/System/Library/Frameworks/ImageIO.framework/Versions/A/Resources/libPng.dylib
0x0000000003b60000 	/System/Library/Frameworks/ImageIO.framework/Versions/A/Resources/libGIF.dylib
0x0000000003b60000 	/System/Library/Frameworks/ImageIO.framework/Versions/A/Resources/libJP2.dylib
0x0000000003b60000 	/System/Library/Frameworks/ImageIO.framework/Versions/A/Resources/libRadiance.dylib
0x0000000003b60000 	/System/Library/Frameworks/CoreVideo.framework/Versions/A/CoreVideo
0x0000000003b60000 	/System/Library/Frameworks/OpenGL.framework/Versions/A/Libraries/libGLU.dylib
0x0000000003b60000 	/System/Library/Frameworks/OpenGL.framework/Versions/A/Libraries/libGFXShared.dylib
0x0000000003b60000 	/System/Library/Frameworks/OpenGL.framework/Versions/A/Libraries/libGL.dylib
0x0000000003b60000 	/System/Library/Frameworks/OpenGL.framework/Versions/A/Libraries/libGLImage.dylib
0x0000000003b60000 	/System/Library/Frameworks/OpenGL.framework/Versions/A/Libraries/libCVMSPluginSupport.dylib
0x0000000003b60000 	/System/Library/Frameworks/OpenGL.framework/Versions/A/Libraries/libCoreVMClient.dylib
0x0000000003b60000 	/usr/lib/libcups.2.dylib
0x0000000003b60000 	/System/Library/Frameworks/Kerberos.framework/Versions/A/Kerberos
0x0000000003b60000 	/System/Library/Frameworks/GSS.framework/Versions/A/GSS
0x0000000003b60000 	/usr/lib/libresolv.9.dylib
0x0000000003b60000 	/usr/lib/libiconv.2.dylib
0x0000000003b60000 	/System/Library/PrivateFrameworks/Heimdal.framework/Versions/A/Heimdal
0x0000000003b60000 	/usr/lib/libheimdal-asn1.dylib
0x0000000003b60000 	/System/Library/Frameworks/OpenDirectory.framework/Versions/A/OpenDirectory
0x0000000003b60000 	/System/Library/PrivateFrameworks/CommonAuth.framework/Versions/A/CommonAuth
0x0000000003b60000 	/System/Library/Frameworks/OpenDirectory.framework/Versions/A/Frameworks/CFOpenDirectory.framework/Versions/A/CFOpenDirectory
0x0000000003b60000 	/System/Library/Frameworks/SecurityFoundation.framework/Versions/A/SecurityFoundation
0x0000000003b60000 	/System/Library/PrivateFrameworks/LanguageModeling.framework/Versions/A/LanguageModeling
0x0000000003b60000 	/usr/lib/libmarisa.dylib
0x0000000003b60000 	/usr/lib/libChineseTokenizer.dylib
0x0000000003b60000 	/usr/lib/libcmph.dylib
0x0000000003b60000 	/usr/lib/libcompression.dylib
0x0000000003b60000 	/System/Library/Frameworks/ServiceManagement.framework/Versions/A/ServiceManagement
0x0000000003b60000 	/usr/lib/libxslt.1.dylib
0x0000000003b60000 	/System/Library/Frameworks/Carbon.framework/Versions/A/Frameworks/Ink.framework/Versions/A/Ink
0x0000000003b60000 	/usr/lib/libFosl_dynamic.dylib
0x0000000003b60000 	/System/Library/PrivateFrameworks/FaceCore.framework/Versions/A/FaceCore
0x0000000003b60000 	/System/Library/Frameworks/OpenCL.framework/Versions/A/OpenCL
0x0000000003b60000 	/System/Library/PrivateFrameworks/CrashReporterSupport.framework/Versions/A/CrashReporterSupport
0x0000000003b60000 	/System/Library/PrivateFrameworks/IconServices.framework/Versions/A/IconServices
0x0000000003b60000 	/System/Library/PrivateFrameworks/Apple80211.framework/Versions/A/Apple80211
0x0000000003b60000 	/System/Library/Frameworks/CoreWLAN.framework/Versions/A/CoreWLAN
0x0000000003b60000 	/System/Library/Frameworks/IOBluetooth.framework/Versions/A/IOBluetooth
0x0000000003b60000 	/System/Library/PrivateFrameworks/CoreWiFi.framework/Versions/A/CoreWiFi
0x0000000003b60000 	/System/Library/Frameworks/CoreBluetooth.framework/Versions/A/CoreBluetooth
0x0000000003b60000 	/System/Library/PrivateFrameworks/ChunkingLibrary.framework/Versions/A/ChunkingLibrary
0x0000000003b60000 	/System/Library/PrivateFrameworks/DebugSymbols.framework/Versions/A/DebugSymbols
0x0000000003b60000 	/System/Library/PrivateFrameworks/CoreSymbolication.framework/Versions/A/CoreSymbolication
0x0000000003b60000 	/System/Library/PrivateFrameworks/Symbolication.framework/Versions/A/Symbolication
0x0000000003b60000 	/System/Library/PrivateFrameworks/SpeechRecognitionCore.framework/Versions/A/SpeechRecognitionCore
0x000000010f200000 	/Library/Java/JavaVirtualMachines/jdk1.7.0_79.jdk/Contents/Home/jre/lib/server/libjvm.dylib
0x0000000003b60000 	/usr/lib/libstdc++.6.dylib
0x000000010fc63000 	/Library/Java/JavaVirtualMachines/jdk1.7.0_79.jdk/Contents/Home/jre/lib/libverify.dylib
0x000000010fc70000 	/Library/Java/JavaVirtualMachines/jdk1.7.0_79.jdk/Contents/Home/jre/lib/libjava.dylib
0x000000010fca9000 	/Library/Java/JavaVirtualMachines/jdk1.7.0_79.jdk/Contents/Home/jre/lib/libzip.dylib
0x00000001168a5000 	/System/Library/Frameworks/JavaVM.framework/Frameworks/JavaRuntimeSupport.framework/JavaRuntimeSupport
0x00000001168c0000 	/System/Library/Frameworks/JavaVM.framework/Versions/A/Frameworks/JavaNativeFoundation.framework/Versions/A/JavaNativeFoundation
0x00000001168d5000 	/System/Library/Frameworks/JavaVM.framework/Versions/A/JavaVM
0x0000000003b60000 	/System/Library/Frameworks/Carbon.framework/Versions/A/Carbon
0x00000001168e2000 	/System/Library/PrivateFrameworks/JavaLaunching.framework/Versions/A/JavaLaunching
0x0000000003b60000 	/System/Library/Frameworks/Carbon.framework/Versions/A/Frameworks/CommonPanels.framework/Versions/A/CommonPanels
0x0000000003b60000 	/System/Library/Frameworks/Carbon.framework/Versions/A/Frameworks/Help.framework/Versions/A/Help
0x0000000003b60000 	/System/Library/Frameworks/Carbon.framework/Versions/A/Frameworks/ImageCapture.framework/Versions/A/ImageCapture
0x0000000003b60000 	/System/Library/Frameworks/Carbon.framework/Versions/A/Frameworks/OpenScripting.framework/Versions/A/OpenScripting
0x0000000003b60000 	/System/Library/Frameworks/Carbon.framework/Versions/A/Frameworks/Print.framework/Versions/A/Print
0x0000000003b60000 	/System/Library/Frameworks/Carbon.framework/Versions/A/Frameworks/SecurityHI.framework/Versions/A/SecurityHI
0x0000000118223000 	/Library/Java/JavaVirtualMachines/jdk1.7.0_79.jdk/Contents/Home/jre/lib/libawt.dylib
0x00000001182d2000 	/Library/Java/JavaVirtualMachines/jdk1.7.0_79.jdk/Contents/Home/jre/lib/./libmlib_image.dylib
0x000000011839e000 	/Library/Java/JavaVirtualMachines/jdk1.7.0_79.jdk/Contents/Home/jre/lib/lwawt/liblwawt.dylib
0x0000000118454000 	/Library/Java/JavaVirtualMachines/jdk1.7.0_79.jdk/Contents/Home/jre/lib/libosxapp.dylib
0x0000000003b60000 	/System/Library/Frameworks/ExceptionHandling.framework/Versions/A/ExceptionHandling
0x0000000003b60000 	/System/Library/PrivateFrameworks/CoreServicesInternal.framework/Versions/A/CoreServicesInternal
0x0000000003b60000 	/System/Library/Frameworks/CoreGraphics.framework/Versions/A/Resources/libRIP.A.dylib
0x0000000003b60000 	/System/Library/Frameworks/Accelerate.framework/Versions/A/Frameworks/vImage.framework/Versions/A/Libraries/libCGInterfaces.dylib
0x0000000003b60000 	/System/Library/Frameworks/CoreGraphics.framework/Versions/A/Resources/libCGXType.A.dylib
0x0000000003b60000 	/System/Library/Frameworks/OpenCL.framework/Versions/A/Libraries/libcldcpuengine.dylib
0x0000000003b60000 	/System/Library/PrivateFrameworks/DiskImages.framework/Versions/A/DiskImages
0x0000000003b60000 	/System/Library/Frameworks/DiscRecording.framework/Versions/A/DiscRecording
0x0000000003b60000 	/usr/lib/libcsfde.dylib
0x0000000003b60000 	/usr/lib/libcurl.4.dylib
0x0000000003b60000 	/System/Library/PrivateFrameworks/MediaKit.framework/Versions/A/MediaKit
0x0000000003b60000 	/System/Library/PrivateFrameworks/ProtectedCloudStorage.framework/Versions/A/ProtectedCloudStorage
0x0000000003b60000 	/usr/lib/libCoreStorage.dylib
0x0000000003b60000 	/System/Library/PrivateFrameworks/EFILogin.framework/Versions/A/EFILogin
0x0000000003b60000 	/usr/lib/libutil.dylib
0x0000000003b60000 	/System/Library/PrivateFrameworks/FindMyDevice.framework/Versions/A/FindMyDevice
0x0000000003b60000 	/System/Library/Frameworks/LDAP.framework/Versions/A/LDAP
0x0000000003b60000 	/usr/lib/libsasl2.2.dylib
0x0000000003b60000 	/System/Library/PrivateFrameworks/CoreDaemon.framework/Versions/B/CoreDaemon
0x0000000003b60000 	/usr/lib/libcrypto.0.9.8.dylib
0x0000000003b60000 	/System/Library/PrivateFrameworks/AppleSRP.framework/Versions/A/AppleSRP
0x0000000003b60000 	/System/Library/PrivateFrameworks/TrustEvaluationAgent.framework/Versions/A/TrustEvaluationAgent
0x000000011a155000 	cl_kernels
0x0000000003b60000 	/System/Library/Frameworks/OpenCL.framework/Versions/A/Libraries/ImageFormats/unorm8_bgra.dylib
0x0000000003b60000 	/System/Library/Frameworks/OpenCL.framework/Versions/A/Libraries/ImageFormats/unorm8_rgba.dylib
0x0000000003b60000 	/System/Library/PrivateFrameworks/FamilyControls.framework/Versions/A/FamilyControls
0x0000000003b60000 	/System/Library/PrivateFrameworks/CommerceKit.framework/Versions/A/Frameworks/CommerceCore.framework/Versions/A/CommerceCore
0x0000000003b60000 	/System/Library/PrivateFrameworks/SystemAdministration.framework/Versions/A/SystemAdministration
0x0000000003b60000 	/System/Library/PrivateFrameworks/AppContainer.framework/Versions/A/AppContainer
0x0000000003b60000 	/System/Library/PrivateFrameworks/SecCodeWrapper.framework/Versions/A/SecCodeWrapper
0x0000000003b60000 	/System/Library/Frameworks/DirectoryService.framework/Versions/A/DirectoryService
0x0000000003b60000 	/System/Library/PrivateFrameworks/LoginUIKit.framework/Versions/A/Frameworks/LoginUICore.framework/Versions/A/LoginUICore
0x0000000003b60000 	/usr/lib/libodfde.dylib
0x000000011b219000 	/Library/Java/JavaVirtualMachines/jdk1.7.0_79.jdk/Contents/Home/jre/lib/libfontmanager.dylib
0x000000011b280000 	/Volumes/Workspace/Java Workspace/Turbulent/libs/native/macosx/liblwjgl.jnilib
0x00000001192fb000 	/Library/Java/JavaVirtualMachines/jdk1.7.0_79.jdk/Contents/Home/jre/lib/libjawt.dylib
0x00000001192fe000 	/Library/Java/JavaVirtualMachines/jdk1.7.0_79.jdk/Contents/Home/jre/lib/libnio.dylib
0x000000011b2ff000 	/Library/Java/JavaVirtualMachines/jdk1.7.0_79.jdk/Contents/Home/jre/lib/./libnet.dylib
0x0000000003b60000 	/System/Library/Frameworks/OpenGL.framework/Versions/A/Resources/GLEngine.bundle/GLEngine
0x0000000003b60000 	/System/Library/Frameworks/OpenGL.framework/Versions/A/Libraries/libGLProgrammability.dylib
0x000000011b35d000 	/System/Library/Extensions/AppleIntelBDWGraphicsGLDriver.bundle/Contents/MacOS/AppleIntelBDWGraphicsGLDriver
0x0000000003b60000 	/System/Library/PrivateFrameworks/GPUSupport.framework/Versions/A/Libraries/libGPUSupportMercury.dylib
0x0000000003b60000 	/System/Library/Frameworks/OpenGL.framework/Versions/A/Resources/GLRendererFloat.bundle/GLRendererFloat
0x000000011c7d0000 	/Volumes/Workspace/Java Workspace/Turbulent/libs/native/macosx/libjinput-osx.jnilib
0x000000011c7d5000 	/System/Library/Extensions/IOHIDFamily.kext/Contents/PlugIns/IOHIDLib.plugin/Contents/MacOS/IOHIDLib

VM Arguments:
jvm_args: -Djava.library.path=/Volumes/Workspace/Java Workspace/Turbulent/libs/native/macosx -Dfile.encoding=UTF-8 
java_command: com.connorbrezinsky.turbulent.Main
Launcher Type: SUN_STANDARD

Environment Variables:
PATH=/usr/bin:/bin:/usr/sbin:/sbin
SHELL=/bin/bash

Signal Handlers:
SIGSEGV: [libjvm.dylib+0x52daf1], sa_mask[0]=0xfffefeff, sa_flags=0x00000043
SIGBUS: [libjvm.dylib+0x52daf1], sa_mask[0]=0xfffefeff, sa_flags=0x00000042
SIGFPE: [libjvm.dylib+0x41f34e], sa_mask[0]=0xfffefeff, sa_flags=0x00000042
SIGPIPE: [libjvm.dylib+0x41f34e], sa_mask[0]=0xfffefeff, sa_flags=0x00000042
SIGXFSZ: [libjvm.dylib+0x41f34e], sa_mask[0]=0xfffefeff, sa_flags=0x00000042
SIGILL: [libjvm.dylib+0x41f34e], sa_mask[0]=0xfffefeff, sa_flags=0x00000042
SIGUSR1: SIG_DFL, sa_mask[0]=0x00000000, sa_flags=0x00000000
SIGUSR2: [libjvm.dylib+0x41ee40], sa_mask[0]=0x00000004, sa_flags=0x00000042
SIGHUP: [libjvm.dylib+0x41d0d1], sa_mask[0]=0xfffefeff, sa_flags=0x00000042
SIGINT: [libjvm.dylib+0x41d0d1], sa_mask[0]=0xfffefeff, sa_flags=0x00000042
SIGTERM: [libjvm.dylib+0x41d0d1], sa_mask[0]=0xfffefeff, sa_flags=0x00000042
SIGQUIT: [libjvm.dylib+0x41d0d1], sa_mask[0]=0xfffefeff, sa_flags=0x00000042


---------------  S Y S T E M  ---------------

OS:Bsduname:Darwin 15.0.0 Darwin Kernel Version 15.0.0: Sat Sep 19 15:53:46 PDT 2015; root:xnu-3247.10.11~1/RELEASE_X86_64 x86_64
rlimit: STACK 8192k, CORE 0k, NPROC 709, NOFILE 10240, AS infinity
load average:3.98 3.83 3.86

CPU:total 4 (2 cores per cpu, 2 threads per core) family 6 model 61 stepping 4, cmov, cx8, fxsr, mmx, sse, sse2, sse3, ssse3, sse4.1, sse4.2, popcnt, avx, avx2, aes, erms, ht, tsc, tscinvbit

Memory: 4k page, physical 4194304k(1048576k free)

/proc/meminfo:


vm_info: Java HotSpot(TM) 64-Bit Server VM (24.79-b02) for bsd-amd64 JRE (1.7.0_79-b15), built on Apr 10 2015 11:35:04 by "java_re" with gcc 4.2.1 (Based on Apple Inc. build 5658) (LLVM build 2336.11.00)

time: Tue Dec  8 00:35:36 2015
elapsed time: 9 seconds

